TN:
SF:/Users/gurkiratsingh/Desktop/Fuzzing/Liq-v2 fuzzing/SelfFuzzing/BeforeAfter.sol
DA:1,0
DA:23,1
DA:24,69
DA:25,5
DA:27,13
DA:28,24
DA:29,65
DA:30,29
DA:32,109
DA:35,12
DA:36,139
DA:37,131
DA:42,1
DA:43,69
DA:44,5
DA:46,13
DA:47,24
DA:48,65
DA:49,29
DA:51,109
DA:54,12
DA:55,139
DA:56,131
end_of_record

SF:/Users/gurkiratsingh/Desktop/Fuzzing/Liq-v2 fuzzing/SelfFuzzing/Mocks/MockERC20Tester.sol
DA:12,148
DA:13,0
DA:15,33
DA:22,0
DA:23,0
DA:26,4
DA:27,21
DA:30,16
DA:31,6
DA:34,12
DA:35,28
end_of_record

SF:/Users/gurkiratsingh/Desktop/Fuzzing/Liq-v2 fuzzing/SelfFuzzing/Mocks/MockStakingV1.sol
DA:10,34
DA:16,0
DA:18,0
DA:22,29
DA:23,5
DA:24,3
DA:27,0
DA:28,0
DA:29,0
DA:31,0
DA:32,0
DA:35,0
DA:36,0
DA:37,0
DA:38,0
DA:41,0
DA:42,0
DA:43,0
DA:44,0
DA:46,0
DA:47,0
DA:48,0
DA:50,0
DA:51,0
DA:54,0
DA:55,0
DA:56,0
DA:58,0
DA:59,0
DA:60,0
DA:61,0
DA:63,0
DA:66,0
DA:69,0
DA:70,0
DA:73,0
DA:74,0
DA:77,0
DA:78,0
DA:81,0
DA:82,0
DA:83,0
DA:85,0
DA:86,0
DA:87,0
DA:88,0
DA:91,0
DA:94,0
DA:95,0
DA:96,0
DA:98,0
DA:99,0
DA:100,0
DA:101,0
end_of_record

SF:/Users/gurkiratsingh/Desktop/Fuzzing/Liq-v2 fuzzing/SelfFuzzing/Mocks/MockStakingV1Deployer.sol
DA:9,5
DA:11,3
DA:13,25
DA:16,25
DA:19,26
DA:22,44
end_of_record

SF:/Users/gurkiratsingh/Desktop/Fuzzing/Liq-v2 fuzzing/SelfFuzzing/Properties/GovernanceProperties.sol
DA:8,0
DA:16,0
DA:17,0
DA:18,0
DA:19,0
DA:21,0
DA:23,0
DA:24,0
DA:27,0
DA:28,0
DA:32,0
DA:33,0
DA:39,0
DA:40,0
DA:41,0
DA:47,0
end_of_record

SF:/Users/gurkiratsingh/Desktop/Fuzzing/Liq-v2 fuzzing/SelfFuzzing/SelfCryticTester.sol
DA:8,159
DA:11,4
end_of_record

SF:/Users/gurkiratsingh/Desktop/Fuzzing/Liq-v2 fuzzing/SelfFuzzing/SelfSetup.sol
DA:43,0
DA:47,11
DA:56,1
DA:57,1
DA:58,1
DA:59,1
DA:60,1
DA:61,1
DA:62,1
DA:63,2
DA:64,1
DA:66,9
DA:70,2
DA:126,3
DA:127,45
DA:128,37
DA:129,23
DA:130,16
DA:131,16
DA:132,18
DA:134,52
DA:142,5
DA:147,71
DA:148,72
DA:149,72
DA:151,45
DA:152,82
DA:155,73
DA:157,61
DA:158,66
DA:160,66
DA:161,66
DA:163,54
DA:164,22
DA:165,44
DA:166,51
DA:168,96
DA:171,9
DA:173,33
DA:174,61
DA:177,5
DA:178,32
end_of_record

SF:/Users/gurkiratsingh/Desktop/Fuzzing/Liq-v2 fuzzing/SelfFuzzing/TargetFiles/TargetFunctionsGovernanace.sol
DA:35,17
DA:36,9
DA:37,5
DA:38,42
DA:39,0
DA:40,0
DA:41,0
DA:42,0
DA:43,0
DA:45,0
DA:49,43
DA:50,121
DA:53,1
DA:57,11
DA:58,9
DA:59,5
DA:60,43
DA:61,18
DA:66,11
DA:67,9
DA:68,5
DA:69,43
DA:70,18
DA:78,11
DA:79,11
DA:80,5
DA:81,59
DA:84,0
DA:85,0
DA:88,0
DA:89,0
DA:92,0
DA:95,0
DA:97,0
DA:98,0
DA:99,0
DA:102,19
DA:103,9
DA:104,5
DA:105,66
DA:108,5
DA:109,2
DA:112,0
DA:114,0
DA:115,0
DA:116,1
DA:121,11
DA:122,9
DA:123,5
DA:124,8
DA:126,42
DA:127,42
DA:130,13
DA:132,4
DA:135,6
DA:136,40
DA:137,29
DA:140,11
DA:141,9
DA:142,5
DA:144,43
DA:145,58
DA:146,0
DA:149,11
DA:150,8
DA:151,10
DA:152,56
DA:153,9
DA:156,5
DA:157,25
DA:158,49
DA:159,15
DA:162,11
DA:163,8
DA:164,10
DA:165,18
DA:169,14
DA:170,8
DA:171,10
DA:172,64
DA:173,10
DA:181,11
DA:182,11
DA:184,59
DA:185,0
DA:186,0
DA:187,0
DA:188,0
DA:189,0
DA:190,0
DA:192,0
DA:193,0
DA:195,0
DA:196,0
DA:198,0
DA:199,0
DA:201,0
DA:203,0
DA:205,0
DA:206,0
end_of_record

SF:/Users/gurkiratsingh/Desktop/Fuzzing/Liq-v2 fuzzing/SelfFuzzing/utils/utils.sol
end_of_record

SF:/Users/gurkiratsingh/Desktop/Fuzzing/Liq-v2 fuzzing/lib/forge-std/src/Base.sol
end_of_record

SF:/Users/gurkiratsingh/Desktop/Fuzzing/Liq-v2 fuzzing/lib/forge-std/src/StdAssertions.sol
end_of_record

SF:/Users/gurkiratsingh/Desktop/Fuzzing/Liq-v2 fuzzing/lib/forge-std/src/StdChains.sol
end_of_record

SF:/Users/gurkiratsingh/Desktop/Fuzzing/Liq-v2 fuzzing/lib/forge-std/src/StdCheats.sol
end_of_record

SF:/Users/gurkiratsingh/Desktop/Fuzzing/Liq-v2 fuzzing/lib/forge-std/src/StdError.sol
DA:5,0
DA:6,0
DA:7,0
DA:8,0
DA:9,0
DA:10,0
DA:11,0
DA:12,0
DA:13,0
DA:14,0
end_of_record

SF:/Users/gurkiratsingh/Desktop/Fuzzing/Liq-v2 fuzzing/lib/forge-std/src/StdInvariant.sol
end_of_record

SF:/Users/gurkiratsingh/Desktop/Fuzzing/Liq-v2 fuzzing/lib/forge-std/src/StdJson.sol
DA:25,0
end_of_record

SF:/Users/gurkiratsingh/Desktop/Fuzzing/Liq-v2 fuzzing/lib/forge-std/src/StdMath.sol
DA:4,0
end_of_record

SF:/Users/gurkiratsingh/Desktop/Fuzzing/Liq-v2 fuzzing/lib/forge-std/src/StdStorage.sol
DA:24,0
DA:334,0
end_of_record

SF:/Users/gurkiratsingh/Desktop/Fuzzing/Liq-v2 fuzzing/lib/forge-std/src/StdStyle.sol
DA:6,0
end_of_record

SF:/Users/gurkiratsingh/Desktop/Fuzzing/Liq-v2 fuzzing/lib/forge-std/src/StdToml.sol
DA:25,0
end_of_record

SF:/Users/gurkiratsingh/Desktop/Fuzzing/Liq-v2 fuzzing/lib/forge-std/src/StdUtils.sol
end_of_record

SF:/Users/gurkiratsingh/Desktop/Fuzzing/Liq-v2 fuzzing/lib/forge-std/src/Test.sol
end_of_record

SF:/Users/gurkiratsingh/Desktop/Fuzzing/Liq-v2 fuzzing/lib/forge-std/src/Vm.sol
end_of_record

SF:/Users/gurkiratsingh/Desktop/Fuzzing/Liq-v2 fuzzing/lib/forge-std/src/console.sol
DA:4,0
end_of_record

SF:/Users/gurkiratsingh/Desktop/Fuzzing/Liq-v2 fuzzing/lib/forge-std/src/console2.sol
end_of_record

SF:/Users/gurkiratsingh/Desktop/Fuzzing/Liq-v2 fuzzing/lib/forge-std/src/interfaces/IERC165.sol
end_of_record

SF:/Users/gurkiratsingh/Desktop/Fuzzing/Liq-v2 fuzzing/lib/forge-std/src/interfaces/IERC20.sol
end_of_record

SF:/Users/gurkiratsingh/Desktop/Fuzzing/Liq-v2 fuzzing/lib/forge-std/src/interfaces/IERC721.sol
end_of_record

SF:/Users/gurkiratsingh/Desktop/Fuzzing/Liq-v2 fuzzing/lib/forge-std/src/interfaces/IMulticall3.sol
end_of_record

SF:/Users/gurkiratsingh/Desktop/Fuzzing/Liq-v2 fuzzing/lib/forge-std/src/mocks/MockERC20.sol
DA:8,0
DA:19,0
DA:20,0
DA:23,0
DA:24,0
DA:27,0
DA:28,0
DA:41,0
DA:42,0
DA:45,0
DA:46,0
DA:49,0
DA:50,0
DA:61,0
DA:72,0
DA:73,0
DA:75,0
DA:76,0
DA:77,0
DA:79,0
DA:80,0
DA:82,0
DA:89,0
DA:90,0
DA:92,0
DA:94,0
DA:97,0
DA:98,0
DA:99,0
DA:101,0
DA:106,0
DA:107,0
DA:109,0
DA:111,0
DA:112,0
DA:114,0
DA:116,0
DA:123,0
DA:126,0
DA:127,0
DA:129,0
DA:130,0
DA:131,0
DA:133,0
DA:134,0
DA:135,0
DA:136,0
DA:139,0
DA:140,0
DA:141,0
DA:142,0
DA:153,0
DA:155,0
DA:157,0
DA:160,0
DA:161,0
DA:164,0
DA:165,0
DA:166,0
DA:167,0
DA:168,0
DA:169,0
DA:170,0
DA:171,0
DA:198,0
DA:199,0
DA:200,0
DA:204,0
DA:205,0
DA:206,0
DA:217,0
DA:220,0
DA:226,0
DA:227,0
DA:232,0
end_of_record

SF:/Users/gurkiratsingh/Desktop/Fuzzing/Liq-v2 fuzzing/lib/forge-std/src/mocks/MockERC721.sol
DA:8,0
DA:17,0
DA:18,0
DA:21,0
DA:22,0
DA:25,0
DA:35,0
DA:36,0
DA:39,0
DA:40,0
DA:42,0
DA:53,0
DA:54,0
DA:57,0
DA:58,0
DA:70,0
DA:71,0
DA:73,0
DA:74,0
DA:76,0
DA:83,0
DA:84,0
DA:86,0
DA:88,0
DA:90,0
DA:93,0
DA:94,0
DA:96,0
DA:99,0
DA:100,0
DA:102,0
DA:104,0
DA:105,0
DA:111,0
DA:113,0
DA:115,0
DA:117,0
DA:119,0
DA:122,0
DA:123,0
DA:125,0
DA:126,0
DA:127,0
DA:128,0
DA:133,0
DA:139,0
DA:141,0
DA:142,0
DA:143,0
DA:144,0
DA:153,0
DA:154,0
DA:155,0
DA:156,0
DA:226,0
DA:229,0
end_of_record

SF:/Users/gurkiratsingh/Desktop/Fuzzing/Liq-v2 fuzzing/lib/forge-std/src/safeconsole.sol
DA:6,0
end_of_record

SF:/Users/gurkiratsingh/Desktop/Fuzzing/Liq-v2 fuzzing/lib/openzeppelin-contracts/contracts/access/Ownable.sol
DA:38,1
DA:39,5
DA:40,0
DA:42,5
DA:49,8
DA:56,0
DA:57,3
DA:63,1
DA:64,4
DA:65,0
DA:76,1
DA:77,1
DA:84,0
DA:85,0
DA:86,0
DA:88,0
DA:95,4
DA:96,10
DA:97,11
DA:98,5
end_of_record

SF:/Users/gurkiratsingh/Desktop/Fuzzing/Liq-v2 fuzzing/lib/openzeppelin-contracts/contracts/interfaces/IERC20.sol
end_of_record

SF:/Users/gurkiratsingh/Desktop/Fuzzing/Liq-v2 fuzzing/lib/openzeppelin-contracts/contracts/interfaces/IERC5267.sol
end_of_record

SF:/Users/gurkiratsingh/Desktop/Fuzzing/Liq-v2 fuzzing/lib/openzeppelin-contracts/contracts/interfaces/draft-IERC6093.sol
end_of_record

SF:/Users/gurkiratsingh/Desktop/Fuzzing/Liq-v2 fuzzing/lib/openzeppelin-contracts/contracts/proxy/Clones.sol
DA:17,0
DA:50,2
DA:55,9
DA:57,7
DA:58,6
DA:60,5
DA:61,14
DA:68,1
DA:75,2
DA:76,4
DA:77,5
DA:78,5
DA:79,3
DA:80,6
DA:81,9
DA:82,6
DA:89,1
DA:92,2
DA:93,2
end_of_record

SF:/Users/gurkiratsingh/Desktop/Fuzzing/Liq-v2 fuzzing/lib/openzeppelin-contracts/contracts/token/ERC20/ERC20.sol
DA:51,10
DA:52,7
DA:58,8
DA:59,0
DA:66,0
DA:67,0
DA:83,0
DA:84,0
DA:90,4
DA:91,0
DA:97,10
DA:98,14
DA:109,0
DA:111,0
DA:118,1
DA:119,26
DA:132,22
DA:134,6
DA:135,4
DA:154,12
DA:156,6
DA:157,6
DA:158,0
DA:171,1
DA:172,6
DA:173,0
DA:175,6
DA:176,0
DA:178,6
DA:188,5
DA:189,10
DA:191,15
DA:193,15
DA:194,6
DA:195,9
DA:199,0
DA:203,7
DA:206,0
DA:211,20
DA:215,20
DA:226,1
DA:227,6
DA:228,0
DA:230,6
DA:263,5
DA:264,8
DA:284,6
DA:285,6
DA:286,0
DA:288,6
DA:289,0
DA:291,29
DA:292,4
DA:293,20
DA:305,6
DA:306,9
DA:307,5
DA:308,7
DA:309,9
DA:312,10
end_of_record

SF:/Users/gurkiratsingh/Desktop/Fuzzing/Liq-v2 fuzzing/lib/openzeppelin-contracts/contracts/token/ERC20/IERC20.sol
end_of_record

SF:/Users/gurkiratsingh/Desktop/Fuzzing/Liq-v2 fuzzing/lib/openzeppelin-contracts/contracts/token/ERC20/extensions/ERC20Permit.sol
DA:22,0
DA:39,1
DA:44,0
DA:52,0
DA:53,0
DA:54,8
DA:57,0
DA:59,0
DA:61,0
DA:62,0
DA:63,0
DA:66,0
DA:72,0
DA:73,0
DA:80,0
DA:81,0
end_of_record

SF:/Users/gurkiratsingh/Desktop/Fuzzing/Liq-v2 fuzzing/lib/openzeppelin-contracts/contracts/token/ERC20/extensions/IERC20Metadata.sol
end_of_record

SF:/Users/gurkiratsingh/Desktop/Fuzzing/Liq-v2 fuzzing/lib/openzeppelin-contracts/contracts/token/ERC20/extensions/IERC20Permit.sol
end_of_record

SF:/Users/gurkiratsingh/Desktop/Fuzzing/Liq-v2 fuzzing/lib/openzeppelin-contracts/contracts/token/ERC20/utils/SafeERC20.sol
DA:19,0
DA:36,0
DA:37,0
DA:44,1
DA:45,51
DA:91,1
DA:96,8
DA:97,0
DA:98,0
end_of_record

SF:/Users/gurkiratsingh/Desktop/Fuzzing/Liq-v2 fuzzing/lib/openzeppelin-contracts/contracts/utils/Address.sol
DA:9,0
DA:70,2
DA:71,6
DA:83,2
DA:84,7
DA:85,0
DA:87,68
DA:88,6
DA:114,1
DA:118,1
DA:119,3
DA:120,4
DA:124,0
DA:125,0
DA:127,0
DA:146,1
DA:148,5
DA:152,2
DA:153,5
DA:156,0
end_of_record

SF:/Users/gurkiratsingh/Desktop/Fuzzing/Liq-v2 fuzzing/lib/openzeppelin-contracts/contracts/utils/Context.sol
DA:18,5
end_of_record

SF:/Users/gurkiratsingh/Desktop/Fuzzing/Liq-v2 fuzzing/lib/openzeppelin-contracts/contracts/utils/Nonces.sol
DA:19,0
DA:20,0
DA:28,0
DA:33,0
end_of_record

SF:/Users/gurkiratsingh/Desktop/Fuzzing/Liq-v2 fuzzing/lib/openzeppelin-contracts/contracts/utils/ReentrancyGuard.sol
DA:34,3
DA:35,2
DA:45,7
DA:56,24
DA:57,0
DA:58,5
DA:61,2
DA:63,6
DA:64,0
DA:68,2
DA:71,2
DA:74,4
end_of_record

SF:/Users/gurkiratsingh/Desktop/Fuzzing/Liq-v2 fuzzing/lib/openzeppelin-contracts/contracts/utils/ShortStrings.sol
DA:40,0
DA:42,0
DA:52,4
DA:53,4
DA:54,8
DA:55,0
DA:57,9
DA:63,0
DA:64,0
DA:66,0
DA:69,0
DA:70,0
DA:78,0
DA:79,0
DA:80,0
DA:81,0
DA:89,7
DA:90,8
DA:91,9
DA:93,0
DA:101,0
DA:102,0
DA:103,0
DA:105,0
end_of_record

SF:/Users/gurkiratsingh/Desktop/Fuzzing/Liq-v2 fuzzing/lib/openzeppelin-contracts/contracts/utils/StorageSlot.sol
DA:31,0
end_of_record

SF:/Users/gurkiratsingh/Desktop/Fuzzing/Liq-v2 fuzzing/lib/openzeppelin-contracts/contracts/utils/Strings.sol
DA:12,0
end_of_record

SF:/Users/gurkiratsingh/Desktop/Fuzzing/Liq-v2 fuzzing/lib/openzeppelin-contracts/contracts/utils/cryptography/ECDSA.sol
DA:12,0
DA:122,0
DA:127,0
DA:137,0
DA:138,0
DA:142,0
DA:143,0
DA:144,0
DA:147,0
DA:154,0
DA:155,0
DA:156,0
DA:157,0
DA:163,0
DA:164,0
DA:166,0
DA:167,0
DA:168,0
DA:169,0
DA:170,0
DA:171,0
end_of_record

SF:/Users/gurkiratsingh/Desktop/Fuzzing/Liq-v2 fuzzing/lib/openzeppelin-contracts/contracts/utils/cryptography/EIP712.sol
DA:38,1
DA:66,16
DA:67,10
DA:68,8
DA:69,12
DA:70,8
DA:72,3
DA:73,4
DA:74,3
DA:80,0
DA:81,0
DA:82,0
DA:84,0
DA:88,4
DA:89,32
DA:107,0
DA:108,0
DA:114,0
DA:119,0
DA:120,0
DA:121,0
DA:122,0
DA:123,0
DA:124,0
DA:125,0
DA:128,0
DA:130,0
DA:131,0
DA:132,0
DA:133,0
DA:134,0
DA:135,0
DA:146,0
DA:147,0
DA:157,0
DA:158,0
end_of_record

SF:/Users/gurkiratsingh/Desktop/Fuzzing/Liq-v2 fuzzing/lib/openzeppelin-contracts/contracts/utils/cryptography/MessageHashUtils.sol
DA:15,0
DA:76,0
DA:79,0
DA:80,0
DA:81,0
DA:82,0
DA:83,0
end_of_record

SF:/Users/gurkiratsingh/Desktop/Fuzzing/Liq-v2 fuzzing/lib/openzeppelin-contracts/contracts/utils/math/Math.sol
DA:9,0
DA:88,0
DA:89,0
end_of_record

SF:/Users/gurkiratsingh/Desktop/Fuzzing/Liq-v2 fuzzing/lib/openzeppelin-contracts/contracts/utils/math/SignedMath.sol
DA:9,0
end_of_record

SF:/Users/gurkiratsingh/Desktop/Fuzzing/Liq-v2 fuzzing/lib/openzeppelin-contracts/contracts/utils/structs/EnumerableSet.sol
DA:41,0
DA:65,0
DA:66,0
DA:67,0
DA:70,0
DA:71,0
DA:73,0
DA:83,0
DA:85,0
DA:87,0
DA:93,0
DA:94,0
DA:96,0
DA:97,0
DA:100,0
DA:102,0
DA:106,0
DA:109,0
DA:111,0
DA:113,0
DA:121,0
DA:127,0
DA:128,0
DA:141,0
DA:142,0
DA:243,0
DA:244,0
DA:253,0
DA:254,0
DA:267,0
DA:268,0
DA:281,0
DA:282,0
end_of_record

SF:/Users/gurkiratsingh/Desktop/Fuzzing/Liq-v2 fuzzing/src/BribeInitiative.sol
DA:14,175
DA:22,0
DA:24,0
DA:26,0
DA:29,8
DA:31,38
DA:38,27
DA:39,8
DA:41,8
DA:42,5
DA:43,5
DA:45,66
DA:46,61
DA:50,8
DA:55,0
DA:56,0
DA:60,0
DA:62,0
DA:63,0
DA:68,0
DA:69,0
DA:70,0
DA:72,0
DA:73,0
DA:75,0
DA:77,0
DA:78,0
DA:81,0
DA:86,0
DA:87,0
DA:88,0
DA:90,0
DA:91,0
DA:93,0
DA:94,0
DA:96,0
DA:97,0
DA:100,0
DA:101,0
DA:102,0
DA:103,0
DA:104,0
DA:108,0
DA:109,0
DA:116,0
DA:117,0
DA:118,0
DA:119,0
DA:121,0
DA:122,0
DA:123,0
DA:124,0
DA:125,0
DA:127,0
DA:128,0
DA:130,0
DA:134,0
DA:136,0
DA:138,0
DA:139,0
DA:140,0
DA:141,0
DA:143,0
DA:144,0
DA:147,0
DA:148,0
DA:152,13
DA:157,0
DA:158,0
DA:159,0
DA:161,0
DA:162,0
DA:164,0
DA:167,0
DA:174,0
DA:175,0
DA:177,0
DA:178,0
DA:180,0
DA:184,0
DA:185,0
DA:191,0
DA:192,0
DA:197,0
DA:203,0
DA:204,0
DA:207,0
DA:208,0
DA:209,0
DA:210,0
DA:211,0
DA:214,0
DA:215,0
DA:216,0
DA:217,0
DA:218,0
DA:219,0
DA:224,2
end_of_record

SF:/Users/gurkiratsingh/Desktop/Fuzzing/Liq-v2 fuzzing/src/Governance.sol
DA:24,435
DA:28,3
DA:33,0
DA:35,0
DA:37,0
DA:39,5
DA:41,5
DA:43,11
DA:46,0
DA:50,0
DA:52,0
DA:56,0
DA:59,0
DA:61,0
DA:63,0
DA:66,0
DA:109,0
DA:111,0
DA:114,0
DA:116,44
DA:118,0
DA:120,0
DA:122,0
DA:124,34
DA:132,4
DA:133,7
DA:134,7
DA:135,5
DA:136,13
DA:137,4
DA:140,7
DA:141,6
DA:144,7
DA:145,6
DA:146,6
DA:149,7
DA:150,6
DA:152,6
DA:153,5
DA:154,9
DA:155,8
DA:156,6
DA:157,9
DA:158,10
DA:159,6
DA:161,5
DA:162,1
DA:166,11
DA:167,15
DA:170,37
DA:172,5
DA:173,23
DA:176,42
DA:179,3
DA:186,4
DA:187,15
DA:189,8
DA:191,9
DA:192,5
DA:195,3
DA:198,25
DA:200,35
DA:202,2
DA:206,11
DA:207,6
DA:210,1
DA:211,8
DA:213,8
DA:214,39
DA:216,0
DA:220,0
DA:221,0
DA:224,5
DA:229,0
DA:230,0
DA:232,0
DA:233,0
DA:235,0
DA:239,15
DA:240,7
DA:243,1
DA:244,12
DA:246,7
DA:247,17
DA:250,0
DA:253,0
DA:256,0
DA:257,0
DA:260,0
DA:264,0
DA:266,0
DA:267,0
DA:273,0
DA:275,0
DA:279,13
DA:280,8
DA:281,17
DA:283,0
DA:288,0
DA:289,0
DA:291,0
DA:292,0
DA:303,6
DA:304,18
DA:309,4
DA:310,26
DA:314,0
DA:315,0
DA:325,9
DA:326,9
DA:334,0
DA:335,0
DA:337,0
DA:341,0
DA:342,0
DA:344,0
DA:358,6
DA:359,7
DA:361,0
DA:362,0
DA:363,0
DA:364,0
DA:366,2
DA:371,5
DA:372,1
DA:373,8
DA:375,6
DA:376,12
DA:377,61
DA:378,12
DA:379,19
DA:384,5
DA:387,1
DA:388,1
DA:389,7
DA:390,24
DA:391,19
DA:393,13
DA:394,2
DA:396,17
DA:397,10
DA:402,5
DA:404,4
DA:405,1
DA:406,1
DA:407,9
DA:409,5
DA:410,52
DA:411,11
DA:418,7
DA:422,2
DA:423,2
DA:424,1
DA:426,1
DA:428,7
DA:429,61
DA:430,69
DA:432,17
DA:433,3
DA:435,7
DA:436,16
DA:437,15
DA:438,3
DA:439,6
DA:441,10
DA:446,24
DA:449,2
DA:451,5
DA:452,6
DA:461,17
DA:463,3
DA:465,8
DA:466,6
DA:467,5
DA:469,17
DA:473,21
DA:478,5
DA:479,13
DA:482,6
DA:483,12
DA:487,7
DA:490,6
DA:491,0
DA:496,17
DA:505,11
DA:507,0
DA:511,11
DA:518,4
DA:519,11
DA:520,0
DA:522,0
DA:524,0
DA:532,4
DA:533,21
DA:534,12
DA:535,0
DA:537,7
DA:541,4
DA:545,11
DA:546,7
DA:547,15
DA:549,6
DA:550,8
DA:551,23
DA:553,8
DA:554,7
DA:555,58
DA:557,9
DA:562,0
DA:564,0
DA:565,0
DA:567,0
DA:568,0
DA:572,0
DA:575,0
DA:578,2
DA:579,25
DA:582,0
DA:583,0
DA:598,1
DA:600,1
DA:602,50
DA:604,42
DA:605,42
DA:606,42
DA:607,44
DA:610,8
DA:611,103
DA:612,24
DA:615,0
DA:616,0
DA:617,0
DA:618,0
DA:619,0
DA:620,0
DA:624,0
DA:625,0
DA:626,0
DA:627,0
DA:631,0
DA:633,0
DA:637,11
DA:638,6
DA:639,5
DA:646,0
DA:647,0
DA:652,0
DA:657,0
DA:658,0
DA:659,0
DA:664,0
DA:665,0
DA:668,0
DA:669,0
DA:671,0
DA:672,0
DA:675,0
DA:678,0
DA:679,0
DA:680,0
DA:688,0
DA:693,0
DA:695,0
DA:696,0
DA:697,0
DA:698,0
DA:700,0
DA:701,0
DA:706,0
DA:707,0
DA:712,0
DA:713,0
DA:720,0
DA:722,0
DA:723,0
DA:724,0
DA:726,0
DA:727,0
DA:729,0
DA:730,0
DA:732,0
DA:736,0
DA:759,0
DA:766,0
DA:767,0
DA:768,0
DA:769,0
DA:771,0
DA:772,0
DA:773,0
DA:774,0
DA:775,0
DA:777,0
DA:778,0
DA:784,0
DA:786,0
DA:787,0
DA:790,0
DA:792,0
DA:793,0
DA:794,0
DA:799,0
DA:800,0
DA:807,0
DA:808,0
DA:809,0
DA:810,0
DA:811,0
DA:812,0
DA:816,0
DA:817,0
DA:820,0
DA:821,0
DA:824,0
DA:830,0
DA:831,0
DA:834,0
DA:835,0
DA:838,0
DA:839,0
DA:845,0
DA:847,0
DA:848,0
DA:851,0
DA:852,0
DA:854,0
DA:859,0
DA:860,0
DA:862,0
DA:867,0
DA:868,0
DA:869,0
DA:870,0
DA:873,0
DA:874,0
DA:875,0
DA:876,0
DA:878,0
DA:885,0
DA:887,0
DA:888,0
DA:890,0
DA:891,0
DA:893,0
DA:895,0
DA:897,0
DA:900,0
DA:901,0
DA:905,0
DA:906,0
DA:910,0
DA:911,0
DA:915,18
DA:917,10
DA:918,6
DA:919,5
DA:921,3
DA:922,8
DA:923,30
DA:926,7
DA:929,13
DA:931,9
DA:932,13
DA:934,15
DA:935,19
DA:937,11
DA:940,18
DA:943,7
DA:944,28
DA:947,26
DA:951,4
DA:953,0
DA:954,0
DA:955,0
DA:958,0
DA:959,0
DA:961,0
DA:962,0
DA:966,0
DA:971,0
DA:976,0
DA:977,0
DA:978,0
DA:981,0
DA:984,0
DA:985,0
DA:987,0
DA:988,0
DA:991,0
DA:992,0
DA:995,0
DA:998,0
DA:999,0
DA:1000,0
DA:1004,0
DA:1008,0
DA:1009,0
end_of_record

SF:/Users/gurkiratsingh/Desktop/Fuzzing/Liq-v2 fuzzing/src/UserProxy.sol
DA:11,144
DA:13,0
DA:15,0
DA:18,0
DA:20,0
DA:22,27
DA:23,5
DA:24,5
DA:25,3
DA:26,3
DA:30,8
DA:36,17
DA:39,4
DA:40,0
DA:41,63
DA:42,2
DA:44,38
DA:45,0
DA:47,0
DA:48,0
DA:50,0
DA:51,0
DA:53,0
DA:57,0
DA:63,0
DA:64,0
DA:66,0
DA:67,0
DA:68,0
DA:69,0
DA:70,0
DA:71,0
DA:72,0
DA:73,0
DA:76,0
DA:80,0
DA:84,0
DA:91,0
DA:92,0
DA:93,0
DA:94,0
DA:96,0
DA:98,0
DA:99,0
DA:100,0
DA:102,0
DA:103,0
DA:104,0
DA:106,0
DA:107,0
DA:110,0
DA:112,0
DA:114,0
DA:115,0
DA:116,0
DA:117,0
DA:120,0
DA:124,0
DA:125,0
end_of_record

SF:/Users/gurkiratsingh/Desktop/Fuzzing/Liq-v2 fuzzing/src/UserProxyFactory.sol
DA:9,0
DA:11,0
DA:13,0
DA:14,30
DA:18,14
DA:19,9
DA:23,13
DA:25,8
DA:27,13
DA:29,1
end_of_record

SF:/Users/gurkiratsingh/Desktop/Fuzzing/Liq-v2 fuzzing/src/interfaces/IBribeInitiative.sol
end_of_record

SF:/Users/gurkiratsingh/Desktop/Fuzzing/Liq-v2 fuzzing/src/interfaces/IGovernance.sol
end_of_record

SF:/Users/gurkiratsingh/Desktop/Fuzzing/Liq-v2 fuzzing/src/interfaces/IInitiative.sol
end_of_record

SF:/Users/gurkiratsingh/Desktop/Fuzzing/Liq-v2 fuzzing/src/interfaces/ILQTY.sol
end_of_record

SF:/Users/gurkiratsingh/Desktop/Fuzzing/Liq-v2 fuzzing/src/interfaces/ILQTYStaking.sol
end_of_record

SF:/Users/gurkiratsingh/Desktop/Fuzzing/Liq-v2 fuzzing/src/interfaces/ILUSD.sol
end_of_record

SF:/Users/gurkiratsingh/Desktop/Fuzzing/Liq-v2 fuzzing/src/interfaces/IMultiDelegateCall.sol
end_of_record

SF:/Users/gurkiratsingh/Desktop/Fuzzing/Liq-v2 fuzzing/src/interfaces/IUserProxy.sol
end_of_record

SF:/Users/gurkiratsingh/Desktop/Fuzzing/Liq-v2 fuzzing/src/interfaces/IUserProxyFactory.sol
end_of_record

SF:/Users/gurkiratsingh/Desktop/Fuzzing/Liq-v2 fuzzing/src/utils/DoubleLinkedList.sol
DA:7,0
DA:27,0
DA:66,0
DA:67,0
DA:74,0
DA:75,0
DA:76,0
DA:87,0
DA:88,0
DA:89,0
DA:90,0
DA:91,0
DA:92,0
DA:93,0
DA:94,0
DA:95,0
DA:96,0
end_of_record

SF:/Users/gurkiratsingh/Desktop/Fuzzing/Liq-v2 fuzzing/src/utils/Math.sol
DA:4,0
DA:5,0
DA:6,0
DA:8,0
DA:11,0
DA:12,0
DA:13,0
DA:15,0
DA:18,0
DA:19,0
DA:22,0
DA:23,0
end_of_record

SF:/Users/gurkiratsingh/Desktop/Fuzzing/Liq-v2 fuzzing/src/utils/MultiDelegateCall.sol
DA:6,0
DA:8,0
DA:9,0
DA:11,0
DA:12,0
DA:14,0
DA:17,0
DA:18,0
DA:19,0
DA:24,0
end_of_record

SF:/Users/gurkiratsingh/Desktop/Fuzzing/Liq-v2 fuzzing/src/utils/Ownable.sol
DA:17,0
DA:25,0
DA:26,14
DA:27,4
DA:33,0
DA:34,0
DA:41,3
DA:48,0
DA:49,6
DA:62,2
DA:63,14
DA:64,7
end_of_record

SF:/Users/gurkiratsingh/Desktop/Fuzzing/Liq-v2 fuzzing/src/utils/SafeCallMinGas.sol
DA:6,4
DA:7,1
DA:10,15
DA:16,3
DA:17,1
DA:21,9
DA:28,1
DA:29,1
DA:30,1
DA:31,1
DA:32,1
DA:33,3
DA:34,2
DA:35,1
DA:36,1
end_of_record

SF:/Users/gurkiratsingh/Desktop/Fuzzing/Liq-v2 fuzzing/src/utils/Types.sol
DA:14,3
end_of_record

SF:/Users/gurkiratsingh/Desktop/Fuzzing/Liq-v2 fuzzing/src/utils/UniqueArray.sol
DA:6,1
DA:7,2
DA:8,6
DA:11,15
DA:12,19
DA:13,56
DA:16,2
DA:21,2
DA:26,0
DA:27,0
DA:29,0
DA:30,0
end_of_record

SF:/Users/gurkiratsingh/Desktop/Fuzzing/Liq-v2 fuzzing/src/utils/VotingPower.sol
DA:4,5
DA:5,8
DA:6,10
end_of_record

