TN:
SF:/Users/gurkiratsingh/Desktop/Fuzzing/Liq-v2 fuzzing/SelfFuzzing/BeforeAfter.sol
DA:1,0
DA:30,1
DA:31,69
DA:32,5
DA:34,13
DA:35,24
DA:36,65
DA:37,29
DA:39,109
DA:42,12
DA:43,139
DA:44,131
DA:49,1
DA:50,69
DA:51,5
DA:53,13
DA:54,24
DA:55,65
DA:56,29
DA:58,109
DA:61,12
DA:62,139
DA:63,131
end_of_record

SF:/Users/gurkiratsingh/Desktop/Fuzzing/Liq-v2 fuzzing/SelfFuzzing/Mocks/MockERC20Tester.sol
DA:12,159
DA:13,0
DA:15,33
DA:22,0
DA:23,0
DA:26,4
DA:27,23
DA:30,16
DA:31,6
DA:34,12
DA:35,28
end_of_record

SF:/Users/gurkiratsingh/Desktop/Fuzzing/Liq-v2 fuzzing/SelfFuzzing/Mocks/MockStakingV1.sol
DA:10,88
DA:16,11
DA:18,27
DA:22,29
DA:23,5
DA:24,3
DA:27,1
DA:28,32
DA:29,18
DA:31,8
DA:32,8
DA:35,1
DA:36,60
DA:37,36
DA:38,3
DA:41,22
DA:42,6
DA:43,14
DA:44,13
DA:46,29
DA:47,15
DA:48,7
DA:50,61
DA:51,10
DA:54,21
DA:55,31
DA:56,1
DA:58,6
DA:59,25
DA:60,39
DA:61,15
DA:63,61
DA:66,6
DA:69,0
DA:70,0
DA:73,0
DA:74,0
DA:77,0
DA:78,2
DA:81,0
DA:82,0
DA:83,0
DA:85,0
DA:86,0
DA:87,0
DA:88,0
DA:91,0
DA:94,0
DA:95,0
DA:96,0
DA:98,0
DA:99,0
DA:100,0
DA:101,0
end_of_record

SF:/Users/gurkiratsingh/Desktop/Fuzzing/Liq-v2 fuzzing/SelfFuzzing/Mocks/MockStakingV1Deployer.sol
DA:9,5
DA:11,3
DA:13,25
DA:16,25
DA:19,26
DA:22,44
end_of_record

SF:/Users/gurkiratsingh/Desktop/Fuzzing/Liq-v2 fuzzing/SelfFuzzing/Properties/GovernanceProperties.sol
DA:9,0
DA:27,5
DA:28,7
DA:29,15
DA:30,26
DA:32,56
DA:34,58
DA:35,3
DA:38,59
DA:39,3
DA:43,59
DA:44,3
DA:47,50
DA:65,5
DA:66,65
DA:76,5
DA:78,70
DA:82,0
DA:88,5
DA:89,74
DA:91,3
DA:94,0
DA:100,5
DA:101,67
DA:102,60
DA:106,0
DA:108,0
DA:112,7
DA:114,72
DA:118,0
DA:120,1
DA:125,5
DA:127,70
DA:131,0
DA:142,25
DA:143,6
DA:144,11
DA:145,63
DA:148,64
DA:149,6
DA:150,16
DA:152,43
DA:153,63
DA:154,43
DA:155,43
DA:157,65
DA:159,12
DA:164,6
DA:168,30
DA:170,6
DA:171,11
DA:172,63
DA:174,64
DA:175,6
DA:176,16
DA:181,5
DA:182,19
DA:183,61
DA:186,42
DA:187,63
DA:188,43
DA:189,47
DA:192,5
DA:193,19
DA:194,64
DA:196,25
DA:197,8
DA:198,9
DA:200,12
DA:206,6
DA:209,16
DA:210,8
DA:212,68
DA:213,8
DA:214,13
DA:215,128
DA:216,68
DA:217,27
DA:218,22
DA:223,5
DA:224,10
DA:225,1
DA:226,72
DA:228,15
DA:229,93
DA:230,6
DA:233,10
DA:234,6
DA:240,11
DA:241,11
DA:243,10
DA:244,10
DA:245,63
DA:246,61
DA:248,6
DA:249,63
DA:250,42
DA:251,64
DA:252,7
DA:255,9
DA:259,8
DA:260,1
DA:261,1
DA:263,15
DA:265,95
DA:266,9
DA:269,15
DA:270,102
DA:271,15
DA:274,6
end_of_record

SF:/Users/gurkiratsingh/Desktop/Fuzzing/Liq-v2 fuzzing/SelfFuzzing/SelfCryticTester.sol
DA:9,387
DA:12,4
end_of_record

SF:/Users/gurkiratsingh/Desktop/Fuzzing/Liq-v2 fuzzing/SelfFuzzing/SelfSetup.sol
DA:45,0
DA:49,12
DA:58,1
DA:59,1
DA:60,1
DA:61,1
DA:62,1
DA:63,1
DA:64,1
DA:67,2
DA:68,1
DA:70,9
DA:74,4
DA:75,2
DA:84,3
DA:85,45
DA:86,37
DA:87,23
DA:88,16
DA:89,16
DA:90,18
DA:92,51
DA:100,5
DA:105,17
DA:106,72
DA:109,70
DA:110,72
DA:111,72
DA:113,45
DA:114,78
DA:116,3
DA:118,72
DA:119,78
DA:120,68
DA:121,64
DA:122,66
DA:123,64
DA:125,66
DA:126,64
DA:127,66
DA:128,64
DA:132,54
DA:133,22
DA:134,44
DA:135,51
DA:141,9
DA:143,33
DA:144,61
DA:147,5
DA:148,32
end_of_record

SF:/Users/gurkiratsingh/Desktop/Fuzzing/Liq-v2 fuzzing/SelfFuzzing/TargetFiles/TargetFunctionsGovernanace.sol
DA:8,359
DA:12,19
DA:13,11
DA:15,1
DA:16,5
DA:17,42
DA:18,47
DA:19,108
DA:20,20
DA:22,40
DA:23,63
DA:24,9
DA:25,1
DA:26,17
DA:31,69
DA:32,42
DA:33,63
DA:34,43
DA:35,55
DA:36,5
DA:41,11
DA:42,11
DA:43,5
DA:45,69
DA:46,42
DA:47,63
DA:48,43
DA:49,55
DA:50,4
DA:54,15
DA:55,9
DA:56,5
DA:57,43
DA:58,55
DA:59,5
DA:65,14
DA:66,11
DA:67,5
DA:68,62
DA:71,6
DA:72,3
DA:75,43
DA:76,59
DA:79,13
DA:82,8
DA:84,42
DA:85,84
DA:87,1
DA:88,17
DA:90,4
DA:94,14
DA:95,9
DA:96,5
DA:97,66
DA:100,6
DA:101,2
DA:104,8
DA:106,42
DA:107,51
DA:110,8
DA:112,4
DA:117,11
DA:118,9
DA:119,5
DA:120,8
DA:122,42
DA:123,66
DA:126,5
DA:128,4
DA:131,5
DA:132,10
DA:133,40
DA:134,25
DA:135,9
DA:138,11
DA:139,9
DA:140,5
DA:142,43
DA:143,63
DA:144,4
DA:147,11
DA:148,8
DA:149,10
DA:150,55
DA:151,9
DA:154,5
DA:155,25
DA:156,79
DA:157,24
DA:160,11
DA:161,9
DA:162,8
DA:165,7
DA:167,10
DA:168,43
DA:169,67
DA:170,43
DA:171,55
DA:172,9
DA:176,11
DA:177,8
DA:178,10
DA:179,64
DA:180,9
DA:183,27
DA:184,11
DA:186,5
DA:187,62
DA:188,8
DA:190,70
DA:191,1
DA:192,15
DA:193,28
DA:194,26
DA:196,29
DA:197,27
DA:199,28
DA:200,25
DA:202,28
DA:203,25
DA:205,39
DA:207,20
DA:209,43
DA:210,67
DA:211,5
DA:223,11
DA:224,8
DA:225,10
DA:226,63
DA:227,9
DA:230,5
DA:231,10
DA:232,40
DA:236,5
DA:237,10
DA:238,68
end_of_record

SF:/Users/gurkiratsingh/Desktop/Fuzzing/Liq-v2 fuzzing/SelfFuzzing/utils/utils.sol
end_of_record

SF:/Users/gurkiratsingh/Desktop/Fuzzing/Liq-v2 fuzzing/lib/forge-std/src/Base.sol
end_of_record

SF:/Users/gurkiratsingh/Desktop/Fuzzing/Liq-v2 fuzzing/lib/forge-std/src/StdAssertions.sol
DA:38,13
DA:39,8
DA:40,0
DA:42,62
end_of_record

SF:/Users/gurkiratsingh/Desktop/Fuzzing/Liq-v2 fuzzing/lib/forge-std/src/StdChains.sol
DA:66,12
end_of_record

SF:/Users/gurkiratsingh/Desktop/Fuzzing/Liq-v2 fuzzing/lib/forge-std/src/StdCheats.sol
end_of_record

SF:/Users/gurkiratsingh/Desktop/Fuzzing/Liq-v2 fuzzing/lib/forge-std/src/StdError.sol
DA:5,0
DA:6,0
DA:7,0
DA:8,0
DA:9,0
DA:10,0
DA:11,0
DA:12,0
DA:13,0
DA:14,0
end_of_record

SF:/Users/gurkiratsingh/Desktop/Fuzzing/Liq-v2 fuzzing/lib/forge-std/src/StdInvariant.sol
DA:83,6
DA:84,33
DA:87,6
DA:88,31
DA:91,6
DA:92,33
DA:95,26
DA:96,39
DA:99,14
DA:100,33
DA:103,14
DA:104,33
DA:107,6
DA:108,31
DA:111,14
DA:112,33
DA:115,6
DA:116,31
DA:119,16
DA:120,40
end_of_record

SF:/Users/gurkiratsingh/Desktop/Fuzzing/Liq-v2 fuzzing/lib/forge-std/src/StdJson.sol
DA:25,0
end_of_record

SF:/Users/gurkiratsingh/Desktop/Fuzzing/Liq-v2 fuzzing/lib/forge-std/src/StdMath.sol
DA:4,0
end_of_record

SF:/Users/gurkiratsingh/Desktop/Fuzzing/Liq-v2 fuzzing/lib/forge-std/src/StdStorage.sol
DA:24,0
DA:334,0
end_of_record

SF:/Users/gurkiratsingh/Desktop/Fuzzing/Liq-v2 fuzzing/lib/forge-std/src/StdStyle.sol
DA:6,0
end_of_record

SF:/Users/gurkiratsingh/Desktop/Fuzzing/Liq-v2 fuzzing/lib/forge-std/src/StdToml.sol
DA:25,0
end_of_record

SF:/Users/gurkiratsingh/Desktop/Fuzzing/Liq-v2 fuzzing/lib/forge-std/src/StdUtils.sol
end_of_record

SF:/Users/gurkiratsingh/Desktop/Fuzzing/Liq-v2 fuzzing/lib/forge-std/src/Test.sol
DA:32,20
end_of_record

SF:/Users/gurkiratsingh/Desktop/Fuzzing/Liq-v2 fuzzing/lib/forge-std/src/Vm.sol
end_of_record

SF:/Users/gurkiratsingh/Desktop/Fuzzing/Liq-v2 fuzzing/lib/forge-std/src/console.sol
DA:4,0
DA:6,1
DA:8,2
DA:9,3
DA:11,1
DA:12,1
DA:13,1
DA:14,1
DA:15,1
DA:16,3
DA:17,2
DA:18,1
DA:19,1
DA:34,2
DA:229,1
DA:230,38
end_of_record

SF:/Users/gurkiratsingh/Desktop/Fuzzing/Liq-v2 fuzzing/lib/forge-std/src/console2.sol
end_of_record

SF:/Users/gurkiratsingh/Desktop/Fuzzing/Liq-v2 fuzzing/lib/forge-std/src/interfaces/IERC165.sol
end_of_record

SF:/Users/gurkiratsingh/Desktop/Fuzzing/Liq-v2 fuzzing/lib/forge-std/src/interfaces/IERC20.sol
end_of_record

SF:/Users/gurkiratsingh/Desktop/Fuzzing/Liq-v2 fuzzing/lib/forge-std/src/interfaces/IERC721.sol
end_of_record

SF:/Users/gurkiratsingh/Desktop/Fuzzing/Liq-v2 fuzzing/lib/forge-std/src/interfaces/IMulticall3.sol
end_of_record

SF:/Users/gurkiratsingh/Desktop/Fuzzing/Liq-v2 fuzzing/lib/forge-std/src/mocks/MockERC20.sol
DA:8,0
DA:19,0
DA:20,0
DA:23,0
DA:24,0
DA:27,0
DA:28,0
DA:41,0
DA:42,0
DA:45,0
DA:46,0
DA:49,0
DA:50,0
DA:61,0
DA:72,0
DA:73,0
DA:75,0
DA:76,0
DA:77,0
DA:79,0
DA:80,0
DA:82,0
DA:89,0
DA:90,0
DA:92,0
DA:94,0
DA:97,0
DA:98,0
DA:99,0
DA:101,0
DA:106,0
DA:107,0
DA:109,0
DA:111,0
DA:112,0
DA:114,0
DA:116,0
DA:123,0
DA:126,0
DA:127,0
DA:129,0
DA:130,0
DA:131,0
DA:133,0
DA:134,0
DA:135,0
DA:136,0
DA:139,0
DA:140,0
DA:141,0
DA:142,0
DA:153,0
DA:155,0
DA:157,0
DA:160,0
DA:161,0
DA:164,0
DA:165,0
DA:166,0
DA:167,0
DA:168,0
DA:169,0
DA:170,0
DA:171,0
DA:198,0
DA:199,0
DA:200,0
DA:204,0
DA:205,0
DA:206,0
DA:217,0
DA:220,0
DA:226,0
DA:227,0
DA:232,0
end_of_record

SF:/Users/gurkiratsingh/Desktop/Fuzzing/Liq-v2 fuzzing/lib/forge-std/src/mocks/MockERC721.sol
DA:8,0
DA:17,0
DA:18,0
DA:21,0
DA:22,0
DA:25,0
DA:35,0
DA:36,0
DA:39,0
DA:40,0
DA:42,0
DA:53,0
DA:54,0
DA:57,0
DA:58,0
DA:70,0
DA:71,0
DA:73,0
DA:74,0
DA:76,0
DA:83,0
DA:84,0
DA:86,0
DA:88,0
DA:90,0
DA:93,0
DA:94,0
DA:96,0
DA:99,0
DA:100,0
DA:102,0
DA:104,0
DA:105,0
DA:111,0
DA:113,0
DA:115,0
DA:117,0
DA:119,0
DA:122,0
DA:123,0
DA:125,0
DA:126,0
DA:127,0
DA:128,0
DA:133,0
DA:139,0
DA:141,0
DA:142,0
DA:143,0
DA:144,0
DA:153,0
DA:154,0
DA:155,0
DA:156,0
DA:226,0
DA:229,0
end_of_record

SF:/Users/gurkiratsingh/Desktop/Fuzzing/Liq-v2 fuzzing/lib/forge-std/src/safeconsole.sol
DA:6,0
end_of_record

SF:/Users/gurkiratsingh/Desktop/Fuzzing/Liq-v2 fuzzing/lib/openzeppelin-contracts/contracts/access/Ownable.sol
DA:38,1
DA:39,5
DA:40,0
DA:42,5
DA:49,8
DA:56,0
DA:57,3
DA:63,1
DA:64,4
DA:65,0
DA:76,1
DA:77,1
DA:84,0
DA:85,0
DA:86,0
DA:88,0
DA:95,4
DA:96,10
DA:97,11
DA:98,5
end_of_record

SF:/Users/gurkiratsingh/Desktop/Fuzzing/Liq-v2 fuzzing/lib/openzeppelin-contracts/contracts/interfaces/IERC20.sol
end_of_record

SF:/Users/gurkiratsingh/Desktop/Fuzzing/Liq-v2 fuzzing/lib/openzeppelin-contracts/contracts/interfaces/IERC5267.sol
end_of_record

SF:/Users/gurkiratsingh/Desktop/Fuzzing/Liq-v2 fuzzing/lib/openzeppelin-contracts/contracts/interfaces/draft-IERC6093.sol
end_of_record

SF:/Users/gurkiratsingh/Desktop/Fuzzing/Liq-v2 fuzzing/lib/openzeppelin-contracts/contracts/proxy/Clones.sol
DA:17,0
DA:50,2
DA:55,9
DA:57,7
DA:58,6
DA:60,5
DA:61,14
DA:68,1
DA:75,2
DA:76,4
DA:77,5
DA:78,5
DA:79,3
DA:80,6
DA:81,9
DA:82,6
DA:89,1
DA:92,2
DA:93,2
end_of_record

SF:/Users/gurkiratsingh/Desktop/Fuzzing/Liq-v2 fuzzing/lib/openzeppelin-contracts/contracts/token/ERC20/ERC20.sol
DA:51,10
DA:52,7
DA:58,8
DA:59,0
DA:66,0
DA:67,0
DA:83,0
DA:84,0
DA:90,4
DA:91,0
DA:97,10
DA:98,14
DA:109,12
DA:111,5
DA:118,1
DA:119,26
DA:132,22
DA:134,6
DA:135,4
DA:154,14
DA:156,6
DA:157,7
DA:158,2
DA:171,1
DA:172,6
DA:173,0
DA:175,6
DA:176,0
DA:178,6
DA:188,5
DA:189,10
DA:191,15
DA:193,15
DA:194,7
DA:195,0
DA:199,20
DA:203,7
DA:206,0
DA:211,20
DA:215,20
DA:226,1
DA:227,6
DA:228,0
DA:230,6
DA:263,5
DA:264,8
DA:284,6
DA:285,6
DA:286,0
DA:288,6
DA:289,0
DA:291,29
DA:292,4
DA:293,20
DA:305,6
DA:306,9
DA:307,5
DA:308,0
DA:309,0
DA:312,1
end_of_record

SF:/Users/gurkiratsingh/Desktop/Fuzzing/Liq-v2 fuzzing/lib/openzeppelin-contracts/contracts/token/ERC20/IERC20.sol
end_of_record

SF:/Users/gurkiratsingh/Desktop/Fuzzing/Liq-v2 fuzzing/lib/openzeppelin-contracts/contracts/token/ERC20/extensions/ERC20Permit.sol
DA:22,0
DA:39,1
DA:44,0
DA:52,0
DA:53,0
DA:54,0
DA:57,0
DA:59,0
DA:61,0
DA:62,0
DA:63,0
DA:66,0
DA:72,0
DA:73,0
DA:80,0
DA:81,0
end_of_record

SF:/Users/gurkiratsingh/Desktop/Fuzzing/Liq-v2 fuzzing/lib/openzeppelin-contracts/contracts/token/ERC20/extensions/IERC20Metadata.sol
end_of_record

SF:/Users/gurkiratsingh/Desktop/Fuzzing/Liq-v2 fuzzing/lib/openzeppelin-contracts/contracts/token/ERC20/extensions/IERC20Permit.sol
end_of_record

SF:/Users/gurkiratsingh/Desktop/Fuzzing/Liq-v2 fuzzing/lib/openzeppelin-contracts/contracts/token/ERC20/utils/SafeERC20.sol
DA:19,0
DA:36,1
DA:37,16
DA:44,1
DA:45,51
DA:91,1
DA:96,11
DA:97,30
DA:98,0
end_of_record

SF:/Users/gurkiratsingh/Desktop/Fuzzing/Liq-v2 fuzzing/lib/openzeppelin-contracts/contracts/utils/Address.sol
DA:9,0
DA:70,2
DA:71,6
DA:83,4
DA:84,7
DA:85,0
DA:87,68
DA:88,8
DA:114,1
DA:118,1
DA:119,4
DA:120,0
DA:124,12
DA:125,0
DA:127,3
DA:146,0
DA:148,0
DA:152,0
DA:153,0
DA:156,0
end_of_record

SF:/Users/gurkiratsingh/Desktop/Fuzzing/Liq-v2 fuzzing/lib/openzeppelin-contracts/contracts/utils/Context.sol
DA:18,7
end_of_record

SF:/Users/gurkiratsingh/Desktop/Fuzzing/Liq-v2 fuzzing/lib/openzeppelin-contracts/contracts/utils/Nonces.sol
DA:19,0
DA:20,0
DA:28,0
DA:33,0
end_of_record

SF:/Users/gurkiratsingh/Desktop/Fuzzing/Liq-v2 fuzzing/lib/openzeppelin-contracts/contracts/utils/ReentrancyGuard.sol
DA:34,9
DA:35,2
DA:45,7
DA:56,32
DA:57,1
DA:58,13
DA:61,2
DA:63,6
DA:64,0
DA:68,2
DA:71,8
DA:74,16
end_of_record

SF:/Users/gurkiratsingh/Desktop/Fuzzing/Liq-v2 fuzzing/lib/openzeppelin-contracts/contracts/utils/ShortStrings.sol
DA:40,0
DA:42,0
DA:52,4
DA:53,4
DA:54,8
DA:55,0
DA:57,9
DA:63,0
DA:64,0
DA:66,0
DA:69,0
DA:70,0
DA:78,0
DA:79,0
DA:80,0
DA:81,0
DA:89,7
DA:90,8
DA:91,9
DA:93,0
DA:101,0
DA:102,0
DA:103,0
DA:105,0
end_of_record

SF:/Users/gurkiratsingh/Desktop/Fuzzing/Liq-v2 fuzzing/lib/openzeppelin-contracts/contracts/utils/StorageSlot.sol
DA:31,0
end_of_record

SF:/Users/gurkiratsingh/Desktop/Fuzzing/Liq-v2 fuzzing/lib/openzeppelin-contracts/contracts/utils/Strings.sol
DA:12,0
end_of_record

SF:/Users/gurkiratsingh/Desktop/Fuzzing/Liq-v2 fuzzing/lib/openzeppelin-contracts/contracts/utils/cryptography/ECDSA.sol
DA:12,0
DA:122,0
DA:127,0
DA:137,0
DA:138,0
DA:142,0
DA:143,0
DA:144,0
DA:147,0
DA:154,0
DA:155,0
DA:156,0
DA:157,0
DA:163,0
DA:164,0
DA:166,0
DA:167,0
DA:168,0
DA:169,0
DA:170,0
DA:171,0
end_of_record

SF:/Users/gurkiratsingh/Desktop/Fuzzing/Liq-v2 fuzzing/lib/openzeppelin-contracts/contracts/utils/cryptography/EIP712.sol
DA:38,1
DA:66,16
DA:67,10
DA:68,8
DA:69,12
DA:70,8
DA:72,3
DA:73,4
DA:74,3
DA:80,0
DA:81,0
DA:82,0
DA:84,0
DA:88,4
DA:89,32
DA:107,0
DA:108,0
DA:114,0
DA:119,0
DA:120,0
DA:121,0
DA:122,0
DA:123,0
DA:124,0
DA:125,0
DA:128,0
DA:130,0
DA:131,0
DA:132,0
DA:133,0
DA:134,0
DA:135,0
DA:146,0
DA:147,0
DA:157,0
DA:158,0
end_of_record

SF:/Users/gurkiratsingh/Desktop/Fuzzing/Liq-v2 fuzzing/lib/openzeppelin-contracts/contracts/utils/cryptography/MessageHashUtils.sol
DA:15,0
DA:76,0
DA:79,0
DA:80,0
DA:81,0
DA:82,0
DA:83,0
end_of_record

SF:/Users/gurkiratsingh/Desktop/Fuzzing/Liq-v2 fuzzing/lib/openzeppelin-contracts/contracts/utils/math/Math.sol
DA:9,0
DA:88,8
DA:89,13
end_of_record

SF:/Users/gurkiratsingh/Desktop/Fuzzing/Liq-v2 fuzzing/lib/openzeppelin-contracts/contracts/utils/math/SignedMath.sol
DA:9,0
end_of_record

SF:/Users/gurkiratsingh/Desktop/Fuzzing/Liq-v2 fuzzing/lib/openzeppelin-contracts/contracts/utils/structs/EnumerableSet.sol
DA:41,0
DA:65,2
DA:66,3
DA:67,22
DA:70,18
DA:71,2
DA:73,3
DA:83,2
DA:85,12
DA:87,4
DA:93,9
DA:94,13
DA:96,6
DA:97,22
DA:100,27
DA:102,14
DA:106,25
DA:109,19
DA:111,8
DA:113,0
DA:121,12
DA:127,0
DA:128,0
DA:141,0
DA:142,0
DA:243,2
DA:244,7
DA:253,2
DA:254,7
DA:267,0
DA:268,0
DA:281,0
DA:282,0
end_of_record

SF:/Users/gurkiratsingh/Desktop/Fuzzing/Liq-v2 fuzzing/src/BribeInitiative.sol
DA:14,180
DA:22,0
DA:24,0
DA:26,0
DA:29,8
DA:31,38
DA:38,27
DA:39,8
DA:41,8
DA:42,5
DA:43,5
DA:45,66
DA:46,61
DA:50,24
DA:55,0
DA:56,0
DA:60,0
DA:62,0
DA:63,0
DA:68,0
DA:69,0
DA:70,0
DA:72,0
DA:73,0
DA:75,0
DA:77,0
DA:78,0
DA:81,0
DA:86,0
DA:87,0
DA:88,0
DA:90,0
DA:91,0
DA:93,0
DA:94,0
DA:96,0
DA:97,0
DA:100,0
DA:101,0
DA:102,0
DA:103,0
DA:104,0
DA:108,0
DA:109,0
DA:116,0
DA:117,0
DA:118,0
DA:119,0
DA:121,0
DA:122,0
DA:123,0
DA:124,0
DA:125,0
DA:127,0
DA:128,0
DA:130,0
DA:134,0
DA:136,0
DA:138,0
DA:139,0
DA:140,0
DA:141,0
DA:143,0
DA:144,0
DA:147,0
DA:148,0
DA:152,13
DA:157,6
DA:158,8
DA:159,9
DA:161,13
DA:162,5
DA:164,12
DA:167,7
DA:174,8
DA:175,24
DA:177,27
DA:178,5
DA:180,12
DA:184,0
DA:185,0
DA:191,0
DA:192,0
DA:197,17
DA:203,2
DA:204,16
DA:207,5
DA:208,2
DA:209,3
DA:210,3
DA:211,4
DA:214,4
DA:215,1
DA:216,1
DA:217,2
DA:218,4
DA:219,4
DA:224,16
end_of_record

SF:/Users/gurkiratsingh/Desktop/Fuzzing/Liq-v2 fuzzing/src/Governance.sol
DA:24,477
DA:28,7
DA:33,0
DA:35,0
DA:37,0
DA:39,5
DA:41,5
DA:43,11
DA:46,0
DA:50,0
DA:52,0
DA:56,0
DA:59,0
DA:61,0
DA:63,0
DA:66,6
DA:109,15
DA:111,0
DA:114,0
DA:116,44
DA:118,51
DA:120,57
DA:122,0
DA:124,34
DA:132,4
DA:133,7
DA:134,7
DA:135,5
DA:136,13
DA:137,4
DA:140,7
DA:141,6
DA:144,7
DA:145,6
DA:146,6
DA:149,7
DA:150,6
DA:152,6
DA:153,5
DA:154,9
DA:155,8
DA:156,6
DA:157,9
DA:158,10
DA:159,6
DA:161,5
DA:162,1
DA:166,11
DA:167,15
DA:170,37
DA:172,5
DA:173,23
DA:176,42
DA:179,3
DA:186,4
DA:187,15
DA:189,8
DA:191,9
DA:192,5
DA:195,3
DA:198,25
DA:199,35
DA:201,2
DA:205,11
DA:206,6
DA:209,6
DA:210,8
DA:212,14
DA:213,61
DA:215,15
DA:219,0
DA:220,0
DA:223,5
DA:228,0
DA:229,0
DA:231,0
DA:232,0
DA:234,0
DA:238,15
DA:239,7
DA:242,9
DA:243,12
DA:245,7
DA:246,18
DA:249,17
DA:252,12
DA:255,23
DA:256,17
DA:259,5
DA:263,17
DA:265,12
DA:266,12
DA:272,66
DA:274,30
DA:278,22
DA:279,8
DA:280,18
DA:282,9
DA:287,22
DA:288,67
DA:290,14
DA:291,4
DA:302,6
DA:304,18
DA:309,4
DA:311,26
DA:315,6
DA:316,12
DA:326,9
DA:327,9
DA:335,7
DA:336,3
DA:338,3
DA:342,8
DA:343,8
DA:345,11
DA:359,16
DA:360,8
DA:362,1
DA:363,17
DA:364,5
DA:365,0
DA:367,18
DA:372,5
DA:373,1
DA:374,8
DA:376,6
DA:377,12
DA:378,61
DA:379,12
DA:380,19
DA:385,14
DA:388,1
DA:389,1
DA:390,7
DA:391,24
DA:392,19
DA:394,13
DA:395,2
DA:397,17
DA:398,10
DA:403,5
DA:405,4
DA:406,1
DA:407,1
DA:408,9
DA:410,5
DA:411,52
DA:412,11
DA:419,7
DA:423,2
DA:424,2
DA:425,1
DA:427,1
DA:429,7
DA:430,61
DA:431,69
DA:433,17
DA:434,3
DA:436,7
DA:437,16
DA:438,15
DA:439,3
DA:440,6
DA:442,10
DA:447,24
DA:450,2
DA:452,5
DA:453,6
DA:462,17
DA:464,3
DA:466,8
DA:467,6
DA:468,5
DA:470,17
DA:474,21
DA:479,5
DA:480,13
DA:483,6
DA:484,12
DA:488,7
DA:491,6
DA:492,13
DA:497,17
DA:500,6
DA:501,7
DA:506,11
DA:508,7
DA:512,11
DA:519,4
DA:520,11
DA:521,7
DA:523,21
DA:525,5
DA:533,4
DA:534,21
DA:535,12
DA:536,17
DA:538,7
DA:542,4
DA:546,19
DA:547,7
DA:548,15
DA:550,6
DA:551,8
DA:552,23
DA:554,8
DA:555,7
DA:556,58
DA:558,10
DA:563,4
DA:565,14
DA:566,12
DA:568,72
DA:569,12
DA:573,17
DA:576,29
DA:579,7
DA:580,30
DA:583,19
DA:584,9
DA:599,3
DA:601,1
DA:603,50
DA:605,42
DA:606,42
DA:607,42
DA:608,44
DA:611,14
DA:612,103
DA:613,25
DA:616,47
DA:617,24
DA:618,4
DA:619,4
DA:620,4
DA:621,4
DA:625,42
DA:626,42
DA:627,42
DA:628,42
DA:632,51
DA:634,2
DA:638,15
DA:639,6
DA:640,7
DA:647,4
DA:648,18
DA:653,20
DA:658,4
DA:659,3
DA:660,11
DA:665,6
DA:666,6
DA:669,45
DA:670,45
DA:672,87
DA:673,87
DA:676,9
DA:679,54
DA:680,13
DA:681,7
DA:689,10
DA:694,14
DA:696,1
DA:697,11
DA:698,49
DA:699,3
DA:701,47
DA:702,2
DA:707,3
DA:708,29
DA:713,42
DA:714,44
DA:721,18
DA:723,32
DA:724,3
DA:725,3
DA:727,18
DA:728,24
DA:730,15
DA:731,17
DA:733,23
DA:737,133
DA:760,2
DA:767,4
DA:768,10
DA:769,8
DA:770,54
DA:772,14
DA:773,18
DA:774,23
DA:775,23
DA:776,19
DA:778,23
DA:779,23
DA:785,18
DA:787,9
DA:788,5
DA:791,20
DA:793,12
DA:794,28
DA:795,10
DA:800,12
DA:801,23
DA:808,34
DA:809,7
DA:810,6
DA:811,5
DA:812,6
DA:813,5
DA:817,21
DA:818,25
DA:821,25
DA:822,27
DA:825,52
DA:831,13
DA:832,15
DA:835,20
DA:836,27
DA:839,20
DA:840,27
DA:846,79
DA:848,22
DA:849,25
DA:852,21
DA:853,25
DA:855,8
DA:860,19
DA:861,25
DA:863,70
DA:868,9
DA:869,23
DA:870,12
DA:871,20
DA:874,11
DA:875,23
DA:876,11
DA:877,22
DA:879,1
DA:886,15
DA:888,10
DA:889,1
DA:891,1
DA:892,38
DA:894,17
DA:896,1
DA:898,1
DA:901,20
DA:902,16
DA:906,3
DA:907,75
DA:911,16
DA:912,44
DA:916,18
DA:918,10
DA:919,6
DA:920,5
DA:922,3
DA:923,8
DA:924,30
DA:927,7
DA:930,13
DA:932,9
DA:933,13
DA:935,15
DA:936,19
DA:938,11
DA:941,18
DA:944,7
DA:945,28
DA:948,26
DA:952,16
DA:954,8
DA:955,6
DA:956,5
DA:959,6
DA:960,8
DA:962,14
DA:964,10
DA:968,19
DA:973,35
DA:978,61
DA:979,7
DA:980,0
DA:983,9
DA:986,7
DA:987,1
DA:989,1
DA:990,38
DA:993,20
DA:994,12
DA:997,2
DA:1000,1
DA:1001,13
DA:1002,42
DA:1006,1
DA:1010,13
DA:1011,51
end_of_record

SF:/Users/gurkiratsingh/Desktop/Fuzzing/Liq-v2 fuzzing/src/UserProxy.sol
DA:11,154
DA:13,0
DA:15,0
DA:18,0
DA:20,0
DA:22,27
DA:23,5
DA:24,5
DA:25,3
DA:26,3
DA:30,16
DA:36,32
DA:39,4
DA:40,4
DA:41,63
DA:42,2
DA:44,60
DA:45,40
DA:47,63
DA:48,1
DA:50,6
DA:51,8
DA:53,5
DA:57,0
DA:63,0
DA:64,0
DA:66,0
DA:67,0
DA:68,0
DA:69,0
DA:70,0
DA:71,0
DA:72,0
DA:73,0
DA:76,0
DA:80,33
DA:84,6
DA:91,5
DA:92,63
DA:93,63
DA:94,2
DA:96,47
DA:98,61
DA:99,62
DA:100,1
DA:102,7
DA:103,7
DA:104,7
DA:106,65
DA:107,15
DA:110,3
DA:112,2
DA:114,5
DA:115,5
DA:116,0
DA:117,0
DA:120,4
DA:124,27
DA:125,61
end_of_record

SF:/Users/gurkiratsingh/Desktop/Fuzzing/Liq-v2 fuzzing/src/UserProxyFactory.sol
DA:9,0
DA:11,0
DA:13,0
DA:14,30
DA:18,14
DA:19,9
DA:23,13
DA:25,8
DA:27,13
DA:29,1
end_of_record

SF:/Users/gurkiratsingh/Desktop/Fuzzing/Liq-v2 fuzzing/src/interfaces/IBribeInitiative.sol
end_of_record

SF:/Users/gurkiratsingh/Desktop/Fuzzing/Liq-v2 fuzzing/src/interfaces/IGovernance.sol
end_of_record

SF:/Users/gurkiratsingh/Desktop/Fuzzing/Liq-v2 fuzzing/src/interfaces/IInitiative.sol
end_of_record

SF:/Users/gurkiratsingh/Desktop/Fuzzing/Liq-v2 fuzzing/src/interfaces/ILQTY.sol
end_of_record

SF:/Users/gurkiratsingh/Desktop/Fuzzing/Liq-v2 fuzzing/src/interfaces/ILQTYStaking.sol
end_of_record

SF:/Users/gurkiratsingh/Desktop/Fuzzing/Liq-v2 fuzzing/src/interfaces/ILUSD.sol
end_of_record

SF:/Users/gurkiratsingh/Desktop/Fuzzing/Liq-v2 fuzzing/src/interfaces/IMultiDelegateCall.sol
end_of_record

SF:/Users/gurkiratsingh/Desktop/Fuzzing/Liq-v2 fuzzing/src/interfaces/IUserProxy.sol
end_of_record

SF:/Users/gurkiratsingh/Desktop/Fuzzing/Liq-v2 fuzzing/src/interfaces/IUserProxyFactory.sol
end_of_record

SF:/Users/gurkiratsingh/Desktop/Fuzzing/Liq-v2 fuzzing/src/utils/DoubleLinkedList.sol
DA:7,0
DA:27,20
DA:66,0
DA:67,0
DA:74,3
DA:75,6
DA:76,57
DA:87,2
DA:88,10
DA:89,12
DA:90,19
DA:91,13
DA:92,4
DA:93,14
DA:94,7
DA:95,2
DA:96,5
end_of_record

SF:/Users/gurkiratsingh/Desktop/Fuzzing/Liq-v2 fuzzing/src/utils/Math.sol
DA:4,2
DA:5,7
DA:6,15
DA:8,5
DA:11,2
DA:12,7
DA:13,10
DA:15,5
DA:18,3
DA:19,9
DA:22,2
DA:23,10
end_of_record

SF:/Users/gurkiratsingh/Desktop/Fuzzing/Liq-v2 fuzzing/src/utils/MultiDelegateCall.sol
DA:6,0
DA:8,0
DA:9,0
DA:11,0
DA:12,0
DA:14,0
DA:17,0
DA:18,0
DA:19,0
DA:24,0
end_of_record

SF:/Users/gurkiratsingh/Desktop/Fuzzing/Liq-v2 fuzzing/src/utils/Ownable.sol
DA:17,0
DA:25,0
DA:26,14
DA:27,4
DA:33,0
DA:34,0
DA:41,3
DA:48,0
DA:49,6
DA:62,2
DA:63,14
DA:64,7
end_of_record

SF:/Users/gurkiratsingh/Desktop/Fuzzing/Liq-v2 fuzzing/src/utils/SafeCallMinGas.sol
DA:6,4
DA:7,1
DA:10,15
DA:16,3
DA:17,1
DA:21,9
DA:28,1
DA:29,1
DA:30,1
DA:31,1
DA:32,1
DA:33,3
DA:34,2
DA:35,1
DA:36,1
end_of_record

SF:/Users/gurkiratsingh/Desktop/Fuzzing/Liq-v2 fuzzing/src/utils/Types.sol
DA:14,7
end_of_record

SF:/Users/gurkiratsingh/Desktop/Fuzzing/Liq-v2 fuzzing/src/utils/UniqueArray.sol
DA:6,4
DA:7,2
DA:8,7
DA:11,15
DA:12,19
DA:13,56
DA:16,2
DA:21,2
DA:26,1
DA:27,3
DA:29,11
DA:30,21
end_of_record

SF:/Users/gurkiratsingh/Desktop/Fuzzing/Liq-v2 fuzzing/src/utils/VotingPower.sol
DA:4,5
DA:5,8
DA:6,16
end_of_record

