TN:
SF:/Users/gurkiratsingh/Desktop/Fuzzing/Liq-v2 fuzzing/SelfFuzzing/BeforeAfter.sol
DA:1,0
DA:24,1
DA:25,69
DA:26,5
DA:28,13
DA:29,24
DA:30,65
DA:31,29
DA:33,109
DA:36,12
DA:37,139
DA:38,131
DA:43,1
DA:44,69
DA:45,5
DA:47,13
DA:48,24
DA:49,65
DA:50,29
DA:52,109
DA:55,12
DA:56,139
DA:57,131
end_of_record

SF:/Users/gurkiratsingh/Desktop/Fuzzing/Liq-v2 fuzzing/SelfFuzzing/Mocks/MockERC20Tester.sol
DA:12,159
DA:13,0
DA:15,33
DA:22,0
DA:23,0
DA:26,4
DA:27,23
DA:30,16
DA:31,6
DA:34,12
DA:35,28
end_of_record

SF:/Users/gurkiratsingh/Desktop/Fuzzing/Liq-v2 fuzzing/SelfFuzzing/Mocks/MockStakingV1.sol
DA:10,88
DA:16,11
DA:18,27
DA:22,29
DA:23,5
DA:24,3
DA:27,1
DA:28,32
DA:29,18
DA:31,8
DA:32,8
DA:35,1
DA:36,60
DA:37,36
DA:38,3
DA:41,22
DA:42,6
DA:43,14
DA:44,13
DA:46,29
DA:47,15
DA:48,7
DA:50,61
DA:51,10
DA:54,21
DA:55,31
DA:56,1
DA:58,6
DA:59,25
DA:60,39
DA:61,15
DA:63,61
DA:66,6
DA:69,0
DA:70,0
DA:73,0
DA:74,0
DA:77,0
DA:78,2
DA:81,0
DA:82,0
DA:83,0
DA:85,0
DA:86,0
DA:87,0
DA:88,0
DA:91,0
DA:94,0
DA:95,0
DA:96,0
DA:98,0
DA:99,0
DA:100,0
DA:101,0
end_of_record

SF:/Users/gurkiratsingh/Desktop/Fuzzing/Liq-v2 fuzzing/SelfFuzzing/Mocks/MockStakingV1Deployer.sol
DA:9,5
DA:11,3
DA:13,25
DA:16,25
DA:19,26
DA:22,44
end_of_record

SF:/Users/gurkiratsingh/Desktop/Fuzzing/Liq-v2 fuzzing/SelfFuzzing/Properties/GovernanceProperties.sol
DA:8,0
DA:16,0
DA:17,0
DA:18,0
DA:19,0
DA:21,0
DA:23,0
DA:24,0
DA:27,0
DA:28,0
DA:32,0
DA:33,0
DA:39,0
DA:40,0
DA:41,0
DA:47,0
DA:54,0
DA:55,0
DA:56,0
DA:58,0
DA:63,0
DA:65,0
DA:73,0
DA:74,0
DA:75,0
DA:78,0
DA:79,0
DA:83,0
DA:84,0
DA:85,0
DA:86,0
DA:88,0
DA:89,0
DA:93,0
DA:95,0
DA:98,0
end_of_record

SF:/Users/gurkiratsingh/Desktop/Fuzzing/Liq-v2 fuzzing/SelfFuzzing/SelfCryticTester.sol
DA:9,237
DA:12,4
end_of_record

SF:/Users/gurkiratsingh/Desktop/Fuzzing/Liq-v2 fuzzing/SelfFuzzing/SelfSetup.sol
DA:45,0
DA:49,12
DA:58,1
DA:59,1
DA:60,1
DA:61,1
DA:62,1
DA:63,1
DA:64,1
DA:65,2
DA:66,1
DA:68,9
DA:72,4
DA:73,2
DA:80,3
DA:81,45
DA:82,37
DA:83,23
DA:84,16
DA:85,16
DA:86,18
DA:88,51
DA:96,5
DA:101,17
DA:102,72
DA:105,70
DA:106,72
DA:107,72
DA:109,45
DA:110,82
DA:113,70
DA:114,68
DA:115,64
DA:116,66
DA:117,64
DA:119,66
DA:120,64
DA:121,66
DA:122,64
DA:126,54
DA:127,22
DA:128,44
DA:129,51
DA:135,9
DA:137,33
DA:138,61
DA:141,5
DA:142,32
end_of_record

SF:/Users/gurkiratsingh/Desktop/Fuzzing/Liq-v2 fuzzing/SelfFuzzing/TargetFiles/TargetFunctionsGovernanace.sol
DA:9,209
DA:13,18
DA:14,11
DA:15,5
DA:16,42
DA:17,47
DA:18,75
DA:19,16
DA:20,40
DA:21,63
DA:22,9
DA:24,13
DA:28,69
DA:29,43
DA:30,63
DA:31,43
DA:32,56
DA:36,5
DA:40,11
DA:41,11
DA:42,5
DA:43,18
DA:51,15
DA:52,9
DA:53,5
DA:54,43
DA:55,55
DA:56,5
DA:63,20
DA:64,11
DA:65,5
DA:66,62
DA:69,6
DA:70,3
DA:73,43
DA:74,59
DA:77,13
DA:80,8
DA:82,42
DA:83,55
DA:84,5
DA:88,14
DA:89,9
DA:90,5
DA:91,66
DA:94,6
DA:95,2
DA:98,8
DA:100,42
DA:101,18
DA:107,11
DA:108,9
DA:109,5
DA:110,8
DA:112,42
DA:113,69
DA:116,13
DA:118,4
DA:121,6
DA:122,40
DA:123,29
DA:126,11
DA:127,9
DA:128,5
DA:130,43
DA:131,63
DA:132,4
DA:135,11
DA:136,8
DA:137,10
DA:138,55
DA:139,9
DA:142,5
DA:143,25
DA:144,49
DA:145,15
DA:148,11
DA:149,9
DA:150,8
DA:153,7
DA:155,10
DA:156,43
DA:157,67
DA:158,43
DA:159,55
DA:160,9
DA:164,14
DA:165,8
DA:166,10
DA:167,64
DA:168,10
DA:171,27
DA:172,11
DA:173,5
DA:174,62
DA:175,8
DA:176,70
DA:177,1
DA:178,15
DA:179,28
DA:180,26
DA:182,29
DA:183,27
DA:185,28
DA:186,25
DA:188,28
DA:189,25
DA:191,39
DA:193,20
DA:195,43
DA:196,67
DA:197,5
end_of_record

SF:/Users/gurkiratsingh/Desktop/Fuzzing/Liq-v2 fuzzing/SelfFuzzing/utils/utils.sol
end_of_record

SF:/Users/gurkiratsingh/Desktop/Fuzzing/Liq-v2 fuzzing/lib/forge-std/src/Base.sol
end_of_record

SF:/Users/gurkiratsingh/Desktop/Fuzzing/Liq-v2 fuzzing/lib/forge-std/src/StdAssertions.sol
DA:38,0
DA:39,0
DA:40,0
DA:42,0
end_of_record

SF:/Users/gurkiratsingh/Desktop/Fuzzing/Liq-v2 fuzzing/lib/forge-std/src/StdChains.sol
DA:66,12
end_of_record

SF:/Users/gurkiratsingh/Desktop/Fuzzing/Liq-v2 fuzzing/lib/forge-std/src/StdCheats.sol
end_of_record

SF:/Users/gurkiratsingh/Desktop/Fuzzing/Liq-v2 fuzzing/lib/forge-std/src/StdError.sol
DA:5,0
DA:6,0
DA:7,0
DA:8,0
DA:9,0
DA:10,0
DA:11,0
DA:12,0
DA:13,0
DA:14,0
end_of_record

SF:/Users/gurkiratsingh/Desktop/Fuzzing/Liq-v2 fuzzing/lib/forge-std/src/StdInvariant.sol
DA:83,0
DA:84,0
DA:87,0
DA:88,0
DA:91,0
DA:92,0
DA:95,0
DA:96,0
DA:99,0
DA:100,0
DA:103,0
DA:104,0
DA:107,0
DA:108,0
DA:111,0
DA:112,0
DA:115,0
DA:116,0
DA:119,0
DA:120,0
end_of_record

SF:/Users/gurkiratsingh/Desktop/Fuzzing/Liq-v2 fuzzing/lib/forge-std/src/StdJson.sol
DA:25,0
end_of_record

SF:/Users/gurkiratsingh/Desktop/Fuzzing/Liq-v2 fuzzing/lib/forge-std/src/StdMath.sol
DA:4,0
end_of_record

SF:/Users/gurkiratsingh/Desktop/Fuzzing/Liq-v2 fuzzing/lib/forge-std/src/StdStorage.sol
DA:24,0
DA:334,0
end_of_record

SF:/Users/gurkiratsingh/Desktop/Fuzzing/Liq-v2 fuzzing/lib/forge-std/src/StdStyle.sol
DA:6,0
end_of_record

SF:/Users/gurkiratsingh/Desktop/Fuzzing/Liq-v2 fuzzing/lib/forge-std/src/StdToml.sol
DA:25,0
end_of_record

SF:/Users/gurkiratsingh/Desktop/Fuzzing/Liq-v2 fuzzing/lib/forge-std/src/StdUtils.sol
end_of_record

SF:/Users/gurkiratsingh/Desktop/Fuzzing/Liq-v2 fuzzing/lib/forge-std/src/Test.sol
DA:32,11
end_of_record

SF:/Users/gurkiratsingh/Desktop/Fuzzing/Liq-v2 fuzzing/lib/forge-std/src/Vm.sol
end_of_record

SF:/Users/gurkiratsingh/Desktop/Fuzzing/Liq-v2 fuzzing/lib/forge-std/src/console.sol
DA:4,0
end_of_record

SF:/Users/gurkiratsingh/Desktop/Fuzzing/Liq-v2 fuzzing/lib/forge-std/src/console2.sol
end_of_record

SF:/Users/gurkiratsingh/Desktop/Fuzzing/Liq-v2 fuzzing/lib/forge-std/src/interfaces/IERC165.sol
end_of_record

SF:/Users/gurkiratsingh/Desktop/Fuzzing/Liq-v2 fuzzing/lib/forge-std/src/interfaces/IERC20.sol
end_of_record

SF:/Users/gurkiratsingh/Desktop/Fuzzing/Liq-v2 fuzzing/lib/forge-std/src/interfaces/IERC721.sol
end_of_record

SF:/Users/gurkiratsingh/Desktop/Fuzzing/Liq-v2 fuzzing/lib/forge-std/src/interfaces/IMulticall3.sol
end_of_record

SF:/Users/gurkiratsingh/Desktop/Fuzzing/Liq-v2 fuzzing/lib/forge-std/src/mocks/MockERC20.sol
DA:8,0
DA:19,0
DA:20,0
DA:23,0
DA:24,0
DA:27,0
DA:28,0
DA:41,0
DA:42,0
DA:45,0
DA:46,0
DA:49,0
DA:50,0
DA:61,0
DA:72,0
DA:73,0
DA:75,0
DA:76,0
DA:77,0
DA:79,0
DA:80,0
DA:82,0
DA:89,0
DA:90,0
DA:92,0
DA:94,0
DA:97,0
DA:98,0
DA:99,0
DA:101,0
DA:106,0
DA:107,0
DA:109,0
DA:111,0
DA:112,0
DA:114,0
DA:116,0
DA:123,0
DA:126,0
DA:127,0
DA:129,0
DA:130,0
DA:131,0
DA:133,0
DA:134,0
DA:135,0
DA:136,0
DA:139,0
DA:140,0
DA:141,0
DA:142,0
DA:153,0
DA:155,0
DA:157,0
DA:160,0
DA:161,0
DA:164,0
DA:165,0
DA:166,0
DA:167,0
DA:168,0
DA:169,0
DA:170,0
DA:171,0
DA:198,0
DA:199,0
DA:200,0
DA:204,0
DA:205,0
DA:206,0
DA:217,0
DA:220,0
DA:226,0
DA:227,0
DA:232,0
end_of_record

SF:/Users/gurkiratsingh/Desktop/Fuzzing/Liq-v2 fuzzing/lib/forge-std/src/mocks/MockERC721.sol
DA:8,0
DA:17,0
DA:18,0
DA:21,0
DA:22,0
DA:25,0
DA:35,0
DA:36,0
DA:39,0
DA:40,0
DA:42,0
DA:53,0
DA:54,0
DA:57,0
DA:58,0
DA:70,0
DA:71,0
DA:73,0
DA:74,0
DA:76,0
DA:83,0
DA:84,0
DA:86,0
DA:88,0
DA:90,0
DA:93,0
DA:94,0
DA:96,0
DA:99,0
DA:100,0
DA:102,0
DA:104,0
DA:105,0
DA:111,0
DA:113,0
DA:115,0
DA:117,0
DA:119,0
DA:122,0
DA:123,0
DA:125,0
DA:126,0
DA:127,0
DA:128,0
DA:133,0
DA:139,0
DA:141,0
DA:142,0
DA:143,0
DA:144,0
DA:153,0
DA:154,0
DA:155,0
DA:156,0
DA:226,0
DA:229,0
end_of_record

SF:/Users/gurkiratsingh/Desktop/Fuzzing/Liq-v2 fuzzing/lib/forge-std/src/safeconsole.sol
DA:6,0
end_of_record

SF:/Users/gurkiratsingh/Desktop/Fuzzing/Liq-v2 fuzzing/lib/openzeppelin-contracts/contracts/access/Ownable.sol
DA:38,1
DA:39,5
DA:40,0
DA:42,5
DA:49,8
DA:56,0
DA:57,3
DA:63,1
DA:64,4
DA:65,0
DA:76,1
DA:77,1
DA:84,0
DA:85,0
DA:86,0
DA:88,0
DA:95,4
DA:96,10
DA:97,11
DA:98,5
end_of_record

SF:/Users/gurkiratsingh/Desktop/Fuzzing/Liq-v2 fuzzing/lib/openzeppelin-contracts/contracts/interfaces/IERC20.sol
end_of_record

SF:/Users/gurkiratsingh/Desktop/Fuzzing/Liq-v2 fuzzing/lib/openzeppelin-contracts/contracts/interfaces/IERC5267.sol
end_of_record

SF:/Users/gurkiratsingh/Desktop/Fuzzing/Liq-v2 fuzzing/lib/openzeppelin-contracts/contracts/interfaces/draft-IERC6093.sol
end_of_record

SF:/Users/gurkiratsingh/Desktop/Fuzzing/Liq-v2 fuzzing/lib/openzeppelin-contracts/contracts/proxy/Clones.sol
DA:17,0
DA:50,2
DA:55,9
DA:57,7
DA:58,6
DA:60,5
DA:61,14
DA:68,1
DA:75,2
DA:76,4
DA:77,5
DA:78,5
DA:79,3
DA:80,6
DA:81,9
DA:82,6
DA:89,1
DA:92,2
DA:93,2
end_of_record

SF:/Users/gurkiratsingh/Desktop/Fuzzing/Liq-v2 fuzzing/lib/openzeppelin-contracts/contracts/token/ERC20/ERC20.sol
DA:51,10
DA:52,7
DA:58,8
DA:59,0
DA:66,0
DA:67,0
DA:83,0
DA:84,0
DA:90,4
DA:91,0
DA:97,10
DA:98,14
DA:109,12
DA:111,5
DA:118,1
DA:119,26
DA:132,22
DA:134,6
DA:135,4
DA:154,14
DA:156,6
DA:157,7
DA:158,2
DA:171,1
DA:172,6
DA:173,0
DA:175,6
DA:176,0
DA:178,6
DA:188,5
DA:189,10
DA:191,15
DA:193,15
DA:194,7
DA:195,9
DA:199,20
DA:203,7
DA:206,0
DA:211,20
DA:215,20
DA:226,1
DA:227,6
DA:228,0
DA:230,6
DA:263,5
DA:264,8
DA:284,6
DA:285,6
DA:286,0
DA:288,6
DA:289,0
DA:291,29
DA:292,4
DA:293,20
DA:305,6
DA:306,9
DA:307,5
DA:308,0
DA:309,0
DA:312,1
end_of_record

SF:/Users/gurkiratsingh/Desktop/Fuzzing/Liq-v2 fuzzing/lib/openzeppelin-contracts/contracts/token/ERC20/IERC20.sol
end_of_record

SF:/Users/gurkiratsingh/Desktop/Fuzzing/Liq-v2 fuzzing/lib/openzeppelin-contracts/contracts/token/ERC20/extensions/ERC20Permit.sol
DA:22,0
DA:39,1
DA:44,0
DA:52,0
DA:53,0
DA:54,8
DA:57,0
DA:59,0
DA:61,0
DA:62,0
DA:63,0
DA:66,0
DA:72,0
DA:73,0
DA:80,0
DA:81,0
end_of_record

SF:/Users/gurkiratsingh/Desktop/Fuzzing/Liq-v2 fuzzing/lib/openzeppelin-contracts/contracts/token/ERC20/extensions/IERC20Metadata.sol
end_of_record

SF:/Users/gurkiratsingh/Desktop/Fuzzing/Liq-v2 fuzzing/lib/openzeppelin-contracts/contracts/token/ERC20/extensions/IERC20Permit.sol
end_of_record

SF:/Users/gurkiratsingh/Desktop/Fuzzing/Liq-v2 fuzzing/lib/openzeppelin-contracts/contracts/token/ERC20/utils/SafeERC20.sol
DA:19,0
DA:36,0
DA:37,0
DA:44,1
DA:45,51
DA:91,1
DA:96,11
DA:97,30
DA:98,0
end_of_record

SF:/Users/gurkiratsingh/Desktop/Fuzzing/Liq-v2 fuzzing/lib/openzeppelin-contracts/contracts/utils/Address.sol
DA:9,0
DA:70,2
DA:71,6
DA:83,4
DA:84,7
DA:85,0
DA:87,68
DA:88,8
DA:114,1
DA:118,1
DA:119,4
DA:120,0
DA:124,12
DA:125,0
DA:127,3
DA:146,0
DA:148,0
DA:152,0
DA:153,0
DA:156,0
end_of_record

SF:/Users/gurkiratsingh/Desktop/Fuzzing/Liq-v2 fuzzing/lib/openzeppelin-contracts/contracts/utils/Context.sol
DA:18,7
end_of_record

SF:/Users/gurkiratsingh/Desktop/Fuzzing/Liq-v2 fuzzing/lib/openzeppelin-contracts/contracts/utils/Nonces.sol
DA:19,0
DA:20,0
DA:28,0
DA:33,0
end_of_record

SF:/Users/gurkiratsingh/Desktop/Fuzzing/Liq-v2 fuzzing/lib/openzeppelin-contracts/contracts/utils/ReentrancyGuard.sol
DA:34,8
DA:35,2
DA:45,7
DA:56,28
DA:57,0
DA:58,12
DA:61,2
DA:63,6
DA:64,0
DA:68,2
DA:71,7
DA:74,14
end_of_record

SF:/Users/gurkiratsingh/Desktop/Fuzzing/Liq-v2 fuzzing/lib/openzeppelin-contracts/contracts/utils/ShortStrings.sol
DA:40,0
DA:42,0
DA:52,4
DA:53,4
DA:54,8
DA:55,0
DA:57,9
DA:63,0
DA:64,0
DA:66,0
DA:69,0
DA:70,0
DA:78,0
DA:79,0
DA:80,0
DA:81,0
DA:89,7
DA:90,8
DA:91,9
DA:93,0
DA:101,0
DA:102,0
DA:103,0
DA:105,0
end_of_record

SF:/Users/gurkiratsingh/Desktop/Fuzzing/Liq-v2 fuzzing/lib/openzeppelin-contracts/contracts/utils/StorageSlot.sol
DA:31,0
end_of_record

SF:/Users/gurkiratsingh/Desktop/Fuzzing/Liq-v2 fuzzing/lib/openzeppelin-contracts/contracts/utils/Strings.sol
DA:12,0
end_of_record

SF:/Users/gurkiratsingh/Desktop/Fuzzing/Liq-v2 fuzzing/lib/openzeppelin-contracts/contracts/utils/cryptography/ECDSA.sol
DA:12,0
DA:122,0
DA:127,0
DA:137,0
DA:138,0
DA:142,0
DA:143,0
DA:144,0
DA:147,0
DA:154,0
DA:155,0
DA:156,0
DA:157,0
DA:163,0
DA:164,0
DA:166,0
DA:167,0
DA:168,0
DA:169,0
DA:170,0
DA:171,0
end_of_record

SF:/Users/gurkiratsingh/Desktop/Fuzzing/Liq-v2 fuzzing/lib/openzeppelin-contracts/contracts/utils/cryptography/EIP712.sol
DA:38,1
DA:66,16
DA:67,10
DA:68,8
DA:69,12
DA:70,8
DA:72,3
DA:73,4
DA:74,3
DA:80,0
DA:81,0
DA:82,0
DA:84,0
DA:88,4
DA:89,32
DA:107,0
DA:108,0
DA:114,0
DA:119,0
DA:120,0
DA:121,0
DA:122,0
DA:123,0
DA:124,0
DA:125,0
DA:128,0
DA:130,0
DA:131,0
DA:132,0
DA:133,0
DA:134,0
DA:135,0
DA:146,0
DA:147,0
DA:157,0
DA:158,0
end_of_record

SF:/Users/gurkiratsingh/Desktop/Fuzzing/Liq-v2 fuzzing/lib/openzeppelin-contracts/contracts/utils/cryptography/MessageHashUtils.sol
DA:15,0
DA:76,0
DA:79,0
DA:80,0
DA:81,0
DA:82,0
DA:83,0
end_of_record

SF:/Users/gurkiratsingh/Desktop/Fuzzing/Liq-v2 fuzzing/lib/openzeppelin-contracts/contracts/utils/math/Math.sol
DA:9,0
DA:88,8
DA:89,13
end_of_record

SF:/Users/gurkiratsingh/Desktop/Fuzzing/Liq-v2 fuzzing/lib/openzeppelin-contracts/contracts/utils/math/SignedMath.sol
DA:9,0
end_of_record

SF:/Users/gurkiratsingh/Desktop/Fuzzing/Liq-v2 fuzzing/lib/openzeppelin-contracts/contracts/utils/structs/EnumerableSet.sol
DA:41,0
DA:65,2
DA:66,3
DA:67,22
DA:70,18
DA:71,2
DA:73,3
DA:83,2
DA:85,12
DA:87,4
DA:93,9
DA:94,13
DA:96,6
DA:97,0
DA:100,0
DA:102,0
DA:106,25
DA:109,19
DA:111,8
DA:113,0
DA:121,12
DA:127,0
DA:128,0
DA:141,0
DA:142,0
DA:243,2
DA:244,7
DA:253,2
DA:254,7
DA:267,0
DA:268,0
DA:281,0
DA:282,0
end_of_record

SF:/Users/gurkiratsingh/Desktop/Fuzzing/Liq-v2 fuzzing/src/BribeInitiative.sol
DA:14,180
DA:22,0
DA:24,0
DA:26,0
DA:29,8
DA:31,38
DA:38,27
DA:39,8
DA:41,8
DA:42,5
DA:43,5
DA:45,66
DA:46,61
DA:50,16
DA:55,0
DA:56,0
DA:60,0
DA:62,0
DA:63,0
DA:68,0
DA:69,0
DA:70,0
DA:72,0
DA:73,0
DA:75,0
DA:77,0
DA:78,0
DA:81,0
DA:86,0
DA:87,0
DA:88,0
DA:90,0
DA:91,0
DA:93,0
DA:94,0
DA:96,0
DA:97,0
DA:100,0
DA:101,0
DA:102,0
DA:103,0
DA:104,0
DA:108,0
DA:109,0
DA:116,0
DA:117,0
DA:118,0
DA:119,0
DA:121,0
DA:122,0
DA:123,0
DA:124,0
DA:125,0
DA:127,0
DA:128,0
DA:130,0
DA:134,0
DA:136,0
DA:138,0
DA:139,0
DA:140,0
DA:141,0
DA:143,0
DA:144,0
DA:147,0
DA:148,0
DA:152,13
DA:157,6
DA:158,7
DA:159,9
DA:161,0
DA:162,0
DA:164,12
DA:167,7
DA:174,7
DA:175,24
DA:177,0
DA:178,0
DA:180,12
DA:184,0
DA:185,0
DA:191,0
DA:192,0
DA:197,17
DA:203,2
DA:204,16
DA:207,5
DA:208,2
DA:209,3
DA:210,3
DA:211,4
DA:214,4
DA:215,1
DA:216,1
DA:217,2
DA:218,4
DA:219,4
DA:224,2
end_of_record

SF:/Users/gurkiratsingh/Desktop/Fuzzing/Liq-v2 fuzzing/src/Governance.sol
DA:24,435
DA:28,6
DA:33,0
DA:35,0
DA:37,0
DA:39,5
DA:41,5
DA:43,11
DA:46,0
DA:50,0
DA:52,0
DA:56,0
DA:59,0
DA:61,0
DA:63,0
DA:66,0
DA:109,5
DA:111,0
DA:114,0
DA:116,44
DA:118,5
DA:120,57
DA:122,0
DA:124,34
DA:132,4
DA:133,7
DA:134,7
DA:135,5
DA:136,13
DA:137,4
DA:140,7
DA:141,6
DA:144,7
DA:145,6
DA:146,6
DA:149,7
DA:150,6
DA:152,6
DA:153,5
DA:154,9
DA:155,8
DA:156,6
DA:157,9
DA:158,10
DA:159,6
DA:161,5
DA:162,1
DA:166,11
DA:167,15
DA:170,37
DA:172,5
DA:173,23
DA:176,42
DA:179,3
DA:186,4
DA:187,15
DA:189,8
DA:191,9
DA:192,5
DA:195,3
DA:198,25
DA:200,35
DA:202,2
DA:206,11
DA:207,6
DA:210,6
DA:211,8
DA:213,14
DA:214,68
DA:216,15
DA:220,0
DA:221,0
DA:224,5
DA:229,0
DA:230,0
DA:232,0
DA:233,0
DA:235,0
DA:239,15
DA:240,7
DA:243,9
DA:244,12
DA:246,7
DA:247,18
DA:250,17
DA:253,12
DA:256,23
DA:257,17
DA:260,5
DA:264,17
DA:266,12
DA:267,12
DA:273,66
DA:275,30
DA:279,22
DA:280,8
DA:281,18
DA:283,9
DA:288,22
DA:289,67
DA:291,14
DA:292,4
DA:303,6
DA:304,18
DA:309,4
DA:310,26
DA:314,2
DA:315,12
DA:325,9
DA:326,9
DA:334,0
DA:335,0
DA:337,0
DA:341,0
DA:342,0
DA:344,0
DA:358,6
DA:359,8
DA:361,1
DA:362,17
DA:363,5
DA:364,0
DA:366,18
DA:371,5
DA:372,1
DA:373,8
DA:375,6
DA:376,12
DA:377,61
DA:378,12
DA:379,19
DA:384,5
DA:387,1
DA:388,1
DA:389,7
DA:390,24
DA:391,19
DA:393,13
DA:394,2
DA:396,17
DA:397,10
DA:402,5
DA:404,4
DA:405,1
DA:406,1
DA:407,9
DA:409,5
DA:410,52
DA:411,11
DA:418,7
DA:422,2
DA:423,2
DA:424,1
DA:426,1
DA:428,7
DA:429,61
DA:430,69
DA:432,17
DA:433,3
DA:435,7
DA:436,16
DA:437,15
DA:438,3
DA:439,6
DA:441,10
DA:446,24
DA:449,2
DA:451,5
DA:452,6
DA:461,17
DA:463,3
DA:465,8
DA:466,6
DA:467,5
DA:469,17
DA:473,21
DA:478,5
DA:479,13
DA:482,6
DA:483,12
DA:487,7
DA:490,6
DA:491,13
DA:496,17
DA:505,11
DA:507,0
DA:511,11
DA:518,4
DA:519,11
DA:520,7
DA:522,21
DA:524,5
DA:532,4
DA:533,21
DA:534,12
DA:535,17
DA:537,7
DA:541,4
DA:545,19
DA:546,7
DA:547,15
DA:549,6
DA:550,8
DA:551,23
DA:553,8
DA:554,7
DA:555,58
DA:557,10
DA:562,4
DA:564,14
DA:565,12
DA:567,72
DA:568,12
DA:572,17
DA:575,29
DA:578,7
DA:579,30
DA:582,19
DA:583,9
DA:598,3
DA:600,1
DA:602,50
DA:604,42
DA:605,42
DA:606,42
DA:607,44
DA:610,14
DA:611,103
DA:612,25
DA:615,47
DA:616,24
DA:617,4
DA:618,4
DA:619,4
DA:620,4
DA:624,42
DA:625,42
DA:626,42
DA:627,42
DA:631,51
DA:633,2
DA:637,15
DA:638,6
DA:639,7
DA:646,4
DA:647,18
DA:652,20
DA:657,4
DA:658,3
DA:659,11
DA:664,6
DA:665,6
DA:668,45
DA:669,45
DA:671,87
DA:672,87
DA:675,9
DA:678,54
DA:679,13
DA:680,7
DA:688,10
DA:693,14
DA:695,1
DA:696,11
DA:697,49
DA:698,3
DA:700,38
DA:701,2
DA:706,3
DA:707,29
DA:712,42
DA:713,44
DA:720,18
DA:722,32
DA:723,3
DA:724,3
DA:726,18
DA:727,24
DA:729,15
DA:730,17
DA:732,23
DA:736,133
DA:759,2
DA:766,4
DA:767,10
DA:768,8
DA:769,54
DA:771,14
DA:772,18
DA:773,23
DA:774,23
DA:775,19
DA:777,23
DA:778,23
DA:784,18
DA:786,9
DA:787,5
DA:790,20
DA:792,12
DA:793,28
DA:794,10
DA:799,12
DA:800,1
DA:807,34
DA:808,7
DA:809,6
DA:810,5
DA:811,6
DA:812,5
DA:816,21
DA:817,25
DA:820,25
DA:821,27
DA:824,52
DA:830,13
DA:831,15
DA:834,20
DA:835,27
DA:838,20
DA:839,27
DA:845,79
DA:847,22
DA:848,25
DA:851,21
DA:852,25
DA:854,8
DA:859,19
DA:860,25
DA:862,70
DA:867,9
DA:868,23
DA:869,12
DA:870,20
DA:873,11
DA:874,23
DA:875,11
DA:876,22
DA:878,1
DA:885,15
DA:887,10
DA:888,1
DA:890,1
DA:891,38
DA:893,17
DA:895,1
DA:897,1
DA:900,20
DA:901,16
DA:905,3
DA:906,75
DA:910,16
DA:911,44
DA:915,18
DA:917,10
DA:918,6
DA:919,5
DA:921,3
DA:922,8
DA:923,30
DA:926,7
DA:929,13
DA:931,9
DA:932,13
DA:934,15
DA:935,19
DA:937,11
DA:940,18
DA:943,7
DA:944,28
DA:947,26
DA:951,4
DA:953,0
DA:954,0
DA:955,0
DA:958,0
DA:959,0
DA:961,0
DA:962,0
DA:966,0
DA:971,0
DA:976,0
DA:977,0
DA:978,0
DA:981,0
DA:984,0
DA:985,0
DA:987,0
DA:988,0
DA:991,0
DA:992,0
DA:995,0
DA:998,1
DA:999,13
DA:1000,42
DA:1004,1
DA:1008,13
DA:1009,51
end_of_record

SF:/Users/gurkiratsingh/Desktop/Fuzzing/Liq-v2 fuzzing/src/UserProxy.sol
DA:11,154
DA:13,0
DA:15,0
DA:18,0
DA:20,0
DA:22,27
DA:23,5
DA:24,5
DA:25,3
DA:26,3
DA:30,16
DA:36,32
DA:39,4
DA:40,4
DA:41,63
DA:42,2
DA:44,67
DA:45,40
DA:47,63
DA:48,1
DA:50,6
DA:51,8
DA:53,5
DA:57,0
DA:63,0
DA:64,0
DA:66,0
DA:67,0
DA:68,0
DA:69,0
DA:70,0
DA:71,0
DA:72,0
DA:73,0
DA:76,0
DA:80,33
DA:84,6
DA:91,5
DA:92,63
DA:93,63
DA:94,2
DA:96,47
DA:98,61
DA:99,62
DA:100,1
DA:102,7
DA:103,7
DA:104,7
DA:106,65
DA:107,15
DA:110,3
DA:112,2
DA:114,5
DA:115,5
DA:116,0
DA:117,0
DA:120,4
DA:124,27
DA:125,61
end_of_record

SF:/Users/gurkiratsingh/Desktop/Fuzzing/Liq-v2 fuzzing/src/UserProxyFactory.sol
DA:9,0
DA:11,0
DA:13,0
DA:14,30
DA:18,14
DA:19,9
DA:23,13
DA:25,8
DA:27,13
DA:29,1
end_of_record

SF:/Users/gurkiratsingh/Desktop/Fuzzing/Liq-v2 fuzzing/src/interfaces/IBribeInitiative.sol
end_of_record

SF:/Users/gurkiratsingh/Desktop/Fuzzing/Liq-v2 fuzzing/src/interfaces/IGovernance.sol
end_of_record

SF:/Users/gurkiratsingh/Desktop/Fuzzing/Liq-v2 fuzzing/src/interfaces/IInitiative.sol
end_of_record

SF:/Users/gurkiratsingh/Desktop/Fuzzing/Liq-v2 fuzzing/src/interfaces/ILQTY.sol
end_of_record

SF:/Users/gurkiratsingh/Desktop/Fuzzing/Liq-v2 fuzzing/src/interfaces/ILQTYStaking.sol
end_of_record

SF:/Users/gurkiratsingh/Desktop/Fuzzing/Liq-v2 fuzzing/src/interfaces/ILUSD.sol
end_of_record

SF:/Users/gurkiratsingh/Desktop/Fuzzing/Liq-v2 fuzzing/src/interfaces/IMultiDelegateCall.sol
end_of_record

SF:/Users/gurkiratsingh/Desktop/Fuzzing/Liq-v2 fuzzing/src/interfaces/IUserProxy.sol
end_of_record

SF:/Users/gurkiratsingh/Desktop/Fuzzing/Liq-v2 fuzzing/src/interfaces/IUserProxyFactory.sol
end_of_record

SF:/Users/gurkiratsingh/Desktop/Fuzzing/Liq-v2 fuzzing/src/utils/DoubleLinkedList.sol
DA:7,0
DA:27,20
DA:66,0
DA:67,0
DA:74,3
DA:75,6
DA:76,57
DA:87,2
DA:88,10
DA:89,12
DA:90,19
DA:91,13
DA:92,4
DA:93,14
DA:94,7
DA:95,2
DA:96,5
end_of_record

SF:/Users/gurkiratsingh/Desktop/Fuzzing/Liq-v2 fuzzing/src/utils/Math.sol
DA:4,2
DA:5,7
DA:6,15
DA:8,5
DA:11,2
DA:12,7
DA:13,10
DA:15,5
DA:18,3
DA:19,9
DA:22,2
DA:23,10
end_of_record

SF:/Users/gurkiratsingh/Desktop/Fuzzing/Liq-v2 fuzzing/src/utils/MultiDelegateCall.sol
DA:6,0
DA:8,0
DA:9,0
DA:11,0
DA:12,0
DA:14,0
DA:17,0
DA:18,0
DA:19,0
DA:24,0
end_of_record

SF:/Users/gurkiratsingh/Desktop/Fuzzing/Liq-v2 fuzzing/src/utils/Ownable.sol
DA:17,0
DA:25,0
DA:26,14
DA:27,4
DA:33,0
DA:34,0
DA:41,3
DA:48,0
DA:49,6
DA:62,2
DA:63,14
DA:64,7
end_of_record

SF:/Users/gurkiratsingh/Desktop/Fuzzing/Liq-v2 fuzzing/src/utils/SafeCallMinGas.sol
DA:6,4
DA:7,1
DA:10,15
DA:16,3
DA:17,1
DA:21,9
DA:28,1
DA:29,1
DA:30,1
DA:31,1
DA:32,1
DA:33,3
DA:34,2
DA:35,1
DA:36,1
end_of_record

SF:/Users/gurkiratsingh/Desktop/Fuzzing/Liq-v2 fuzzing/src/utils/Types.sol
DA:14,7
end_of_record

SF:/Users/gurkiratsingh/Desktop/Fuzzing/Liq-v2 fuzzing/src/utils/UniqueArray.sol
DA:6,4
DA:7,2
DA:8,7
DA:11,15
DA:12,19
DA:13,56
DA:16,2
DA:21,2
DA:26,1
DA:27,3
DA:29,11
DA:30,21
end_of_record

SF:/Users/gurkiratsingh/Desktop/Fuzzing/Liq-v2 fuzzing/src/utils/VotingPower.sol
DA:4,5
DA:5,8
DA:6,16
end_of_record

